Block State Received
stairsdowninit
diststate
         538714 function calls (538295 primitive calls) in 12.691 CPU seconds

   Ordered by: standard name

   ncalls  tottime  percall  cumtime  percall filename:lineno(function)
        1    0.000    0.000    0.000    0.000 <string>:1(<module>)
        1    0.000    0.000    0.000    0.000 <string>:1(Match)
        1    0.000    0.000    0.000    0.000 <string>:1(ParseResult)
        1    0.000    0.000    0.000    0.000 <string>:1(SplitResult)
        1    0.000    0.000    0.000    0.000 <string>:2(<module>)
        1    0.000    0.000    0.000    0.000 <string>:6(Chebyshev)
        1    0.000    0.000    0.000    0.000 <string>:6(Polynomial)
        1    0.000    0.000    0.000    0.000 ConfigParser.py:112(Error)
        1    0.000    0.000    0.000    0.000 ConfigParser.py:139(NoSectionError)
        1    0.000    0.000    0.000    0.000 ConfigParser.py:146(DuplicateSectionError)
        1    0.000    0.000    0.000    0.000 ConfigParser.py:153(NoOptionError)
        1    0.000    0.000    0.000    0.000 ConfigParser.py:162(InterpolationError)
        1    0.000    0.000    0.000    0.000 ConfigParser.py:170(InterpolationMissingOptionError)
        1    0.000    0.000    0.000    0.000 ConfigParser.py:183(InterpolationSyntaxError)
        1    0.000    0.000    0.000    0.000 ConfigParser.py:187(InterpolationDepthError)
        1    0.000    0.000    0.000    0.000 ConfigParser.py:198(ParsingError)
        1    0.000    0.000    0.000    0.000 ConfigParser.py:210(MissingSectionHeaderError)
        1    0.000    0.000    0.004    0.004 ConfigParser.py:223(RawConfigParser)
        1    0.000    0.000    0.001    0.001 ConfigParser.py:224(__init__)
        1    0.000    0.000    0.001    0.001 ConfigParser.py:277(read)
        1    0.000    0.000    0.000    0.000 ConfigParser.py:347(_get)
        1    0.000    0.000    0.000    0.000 ConfigParser.py:350(getint)
        1    0.000    0.000    0.000    0.000 ConfigParser.py:359(getboolean)
       10    0.000    0.000    0.000    0.000 ConfigParser.py:365(optionxform)
        1    0.000    0.000    0.001    0.001 ConfigParser.py:456(_read)
        1    0.000    0.000    0.000    0.000 ConfigParser.py:550(_Chainmap)
        5    0.000    0.000    0.000    0.000 ConfigParser.py:559(__init__)
        5    0.000    0.000    0.000    0.000 ConfigParser.py:562(__getitem__)
        1    0.000    0.000    0.001    0.001 ConfigParser.py:580(ConfigParser)
        5    0.000    0.000    0.000    0.000 ConfigParser.py:582(get)
        5    0.000    0.000    0.000    0.000 ConfigParser.py:649(_interpolate)
        1    0.000    0.000    0.000    0.000 ConfigParser.py:678(SafeConfigParser)
        1    0.000    0.000    0.005    0.005 ConfigParser.py:88(<module>)
        1    0.001    0.001    0.002    0.002 Queue.py:1(<module>)
        1    0.000    0.000    0.000    0.000 Queue.py:13(Empty)
        1    0.000    0.000    0.000    0.000 Queue.py:17(Full)
        1    0.000    0.000    0.000    0.000 Queue.py:21(Queue)
        1    0.000    0.000    0.000    0.000 Queue.py:212(PriorityQueue)
        1    0.000    0.000    0.000    0.000 Queue.py:231(LifoQueue)
        1    0.000    0.000    0.000    0.000 StringIO.py:30(<module>)
        1    0.000    0.000    0.000    0.000 StringIO.py:42(StringIO)
        3    0.000    0.000    0.000    0.000 UserDict.py:18(__getitem__)
        4    0.000    0.000    0.000    0.000 UserDict.py:58(get)
        5    0.000    0.000    0.000    0.000 UserDict.py:70(__contains__)
        1    0.000    0.000    0.000    0.000 __config__.py:3(<module>)
        1    0.000    0.000    0.000    0.000 __future__.py:48(<module>)
        1    0.000    0.000    0.000    0.000 __future__.py:74(_Feature)
        7    0.000    0.000    0.000    0.000 __future__.py:75(__init__)
       10    0.003    0.000    0.054    0.005 __init__.py:1(<module>)
        1    0.000    0.000    0.001    0.001 __init__.py:10(<module>)
        3    0.000    0.000    0.000    0.000 __init__.py:104(CFunctionType)
        1    0.002    0.002    0.082    0.082 __init__.py:106(<module>)
       14    0.000    0.000    0.000    0.000 __init__.py:147(_check_size)
        1    0.000    0.000    0.014    0.014 __init__.py:15(<module>)
        1    0.000    0.000    0.000    0.000 __init__.py:152(WorkerQueue)
        1    0.000    0.000    0.000    0.000 __init__.py:159(py_object)
        3    0.001    0.000    0.001    0.000 __init__.py:16(<module>)
        1    0.000    0.000    0.000    0.000 __init__.py:168(c_short)
        1    0.000    0.000    0.000    0.000 __init__.py:172(c_ushort)
        1    0.000    0.000    0.000    0.000 __init__.py:176(c_long)
        1    0.000    0.000    0.000    0.000 __init__.py:180(c_ulong)
        1    0.000    0.000    0.000    0.000 __init__.py:197(c_float)
        5    0.006    0.001    0.027    0.005 __init__.py:2(<module>)
       41    0.000    0.000    0.000    0.000 __init__.py:20(getImage)
        1    0.000    0.000    0.000    0.000 __init__.py:20(levelManager)
        1    0.000    0.000    0.000    0.000 __init__.py:201(c_double)
        1    0.000    0.000    0.000    0.000 __init__.py:205(c_longdouble)
        1    0.000    0.000    0.000    0.000 __init__.py:210(FuncResult)
        1    0.000    0.000    0.000    0.000 __init__.py:215(c_longlong)
        1    0.000    0.000    0.000    0.000 __init__.py:219(c_ulonglong)
    11730    0.010    0.000    0.010    0.000 __init__.py:22(getEntityImage)
        1    0.000    0.000    0.000    0.000 __init__.py:226(c_ubyte)
        1    0.000    0.000    0.000    0.000 __init__.py:233(c_byte)
        1    0.000    0.000    0.000    0.000 __init__.py:238(c_char)
    11730    0.011    0.000    0.011    0.000 __init__.py:24(hasEntityImage)
        1    0.000    0.000    0.000    0.000 __init__.py:243(c_char_p)
        1    0.020    0.020    0.109    0.109 __init__.py:25(<module>)
        1    0.000    0.000    0.000    0.000 __init__.py:255(c_void_p)
        1    0.000    0.000    0.000    0.000 __init__.py:260(c_bool)
        1    0.000    0.000    0.000    0.000 __init__.py:275(c_wchar_p)
        1    0.000    0.000    0.000    0.000 __init__.py:278(c_wchar)
        1    0.001    0.001    0.003    0.003 __init__.py:3(<module>)
        1    0.000    0.000    0.000    0.000 __init__.py:320(CDLL)
        1    0.000    0.000    0.000    0.000 __init__.py:337(__init__)
        1    0.000    0.000    0.000    0.000 __init__.py:347(_FuncPtr)
        1    0.000    0.000    0.000    0.000 __init__.py:376(PyDLL)
        1    0.004    0.004    0.008    0.008 __init__.py:38(<module>)
        1    0.003    0.003    0.004    0.004 __init__.py:4(<module>)
        1    0.000    0.000    0.000    0.000 __init__.py:416(LibraryLoader)
        2    0.000    0.000    0.000    0.000 __init__.py:417(__init__)
        1    0.001    0.001    0.002    0.002 __init__.py:44(<module>)
        1    0.001    0.001    0.010    0.010 __init__.py:45(<module>)
        1    0.000    0.000    0.000    0.000 __init__.py:46(MissingModule)
        3    0.000    0.000    0.000    0.000 __init__.py:483(PYFUNCTYPE)
        3    0.000    0.000    0.000    0.000 __init__.py:484(CFunctionType)
        1    0.001    0.001    0.011    0.011 __init__.py:6(<module>)
        3    0.000    0.000    0.000    0.000 __init__.py:78(CFUNCTYPE)
        1    0.002    0.002    0.002    0.002 __init__.py:84(<module>)
        2    0.001    0.000    0.003    0.002 __init__.py:9(<module>)
        4    0.000    0.000    0.000    0.000 _abcoll.py:368(items)
        1    0.000    0.000    0.000    0.000 _abcoll.py:371(values)
        5    0.000    0.000    0.000    0.000 _abcoll.py:483(update)
        3    0.000    0.000    0.000    0.000 _abcoll.py:97(__subclasshook__)
        1    0.000    0.000    0.000    0.000 _datasource.py:148(DataSource)
        1    0.001    0.001    0.001    0.001 _datasource.py:33(<module>)
        1    0.000    0.000    0.000    0.000 _datasource.py:47(_FileOpeners)
        1    0.000    0.000    0.000    0.000 _datasource.py:482(Repository)
        1    0.000    0.000    0.000    0.000 _datasource.py:70(__init__)
        1    0.000    0.000    0.000    0.000 _endian.py:22(_swapped_meta)
        1    0.000    0.000    0.000    0.000 _endian.py:4(<module>)
        1    0.000    0.000    0.000    0.000 _endian.py:45(BigEndianStructure)
        1    0.000    0.000    0.000    0.000 _import_tools.py:1(<module>)
        1    0.000    0.000    0.000    0.000 _import_tools.py:334(PackageLoaderDebug)
        1    0.000    0.000    0.000    0.000 _import_tools.py:6(PackageLoader)
       37    0.000    0.000    0.001    0.000 _inspect.py:118(getargspec)
       37    0.000    0.000    0.000    0.000 _inspect.py:13(ismethod)
       75    0.000    0.000    0.000    0.000 _inspect.py:150(strseq)
       29    0.000    0.000    0.001    0.000 _inspect.py:157(formatargspec)
        1    0.000    0.000    0.000    0.000 _inspect.py:160(<lambda>)
       43    0.000    0.000    0.000    0.000 _inspect.py:161(<lambda>)
       37    0.000    0.000    0.000    0.000 _inspect.py:24(isfunction)
       29    0.000    0.000    0.000    0.000 _inspect.py:37(iscode)
       29    0.000    0.000    0.000    0.000 _inspect.py:59(getargs)
        1    0.000    0.000    0.000    0.000 _inspect.py:6(<module>)
        1    0.000    0.000    0.000    0.000 _internal.py:210(_getintp_ctype)
        1    0.000    0.000    0.000    0.000 _internal.py:231(_missing_ctypes)
        1    0.000    0.000    0.000    0.000 _internal.py:238(_ctypes)
        1    0.000    0.000    0.003    0.003 _internal.py:4(<module>)
        1    0.000    0.000    0.000    0.000 _iotools.py:1(<module>)
        1    0.000    0.000    0.000    0.000 _iotools.py:145(LineSplitter)
        1    0.000    0.000    0.000    0.000 _iotools.py:231(NameValidator)
        1    0.000    0.000    0.000    0.000 _iotools.py:423(ConverterError)
        1    0.000    0.000    0.000    0.000 _iotools.py:430(ConverterLockError)
        1    0.000    0.000    0.000    0.000 _iotools.py:437(ConversionWarning)
        1    0.000    0.000    0.000    0.000 _iotools.py:451(StringConverter)
        1    0.000    0.000    0.000    0.000 _numpysndarray.py:34(<module>)
        1    0.001    0.001    0.082    0.082 _numpysurfarray.py:45(<module>)
        3    0.000    0.000    0.000    0.000 _weakrefset.py:16(__init__)
        3    0.000    0.000    0.000    0.000 _weakrefset.py:20(__enter__)
        3    0.000    0.000    0.000    0.000 _weakrefset.py:26(__exit__)
        2    0.000    0.000    0.000    0.000 _weakrefset.py:36(__init__)
        3    0.000    0.000    0.000    0.000 _weakrefset.py:52(_commit_removals)
        6    0.000    0.000    0.000    0.000 _weakrefset.py:58(__iter__)
       22    0.000    0.000    0.000    0.000 _weakrefset.py:68(__contains__)
        3    0.000    0.000    0.000    0.000 _weakrefset.py:77(add)
        5    0.000    0.000    0.000    0.000 abc.py:128(__instancecheck__)
    12/11    0.000    0.000    0.000    0.000 abc.py:148(__subclasscheck__)
        1    0.000    0.000    0.050    0.050 add_newdocs.py:9(<module>)
        1    0.000    0.000    0.000    0.000 argparse.py:1022(_SubParsersAction)
        1    0.000    0.000    0.000    0.000 argparse.py:1024(_ChoicesPseudoAction)
        1    0.000    0.000    0.000    0.000 argparse.py:1099(FileType)
        1    0.000    0.000    0.000    0.000 argparse.py:111(_AttributeHolder)
        1    0.000    0.000    0.000    0.000 argparse.py:1143(Namespace)
        1    0.000    0.000    0.000    0.000 argparse.py:1150(__init__)
        1    0.000    0.000    0.000    0.000 argparse.py:1166(_ActionsContainer)
        3    0.000    0.000    0.002    0.001 argparse.py:1168(__init__)
       34    0.000    0.000    0.000    0.000 argparse.py:1220(register)
       15    0.000    0.000    0.000    0.000 argparse.py:1224(_registry_get)
        6    0.000    0.000    0.001    0.000 argparse.py:1249(add_argument)
        2    0.000    0.000    0.000    0.000 argparse.py:1289(add_argument_group)
        6    0.000    0.000    0.000    0.000 argparse.py:1299(_add_action)
        6    0.000    0.000    0.000    0.000 argparse.py:1379(_get_optional_kwargs)
        6    0.000    0.000    0.000    0.000 argparse.py:1414(_pop_action_class)
        3    0.000    0.000    0.000    0.000 argparse.py:1418(_get_handler)
        6    0.000    0.000    0.000    0.000 argparse.py:1427(_check_conflict)
        1    0.000    0.000    0.000    0.000 argparse.py:146(HelpFormatter)
        1    0.000    0.000    0.000    0.000 argparse.py:1463(_ArgumentGroup)
        2    0.000    0.000    0.000    0.000 argparse.py:1465(__init__)
        6    0.000    0.000    0.000    0.000 argparse.py:1487(_add_action)
        1    0.000    0.000    0.000    0.000 argparse.py:1497(_MutuallyExclusiveGroup)
        1    0.000    0.000    0.000    0.000 argparse.py:1517(ArgumentParser)
        1    0.000    0.000    0.005    0.005 argparse.py:1535(__init__)
        6    0.000    0.000    0.000    0.000 argparse.py:1659(_add_action)
        1    0.000    0.000    0.000    0.000 argparse.py:1671(_get_positional_actions)
        1    0.000    0.000    0.000    0.000 argparse.py:1679(parse_args)
        1    0.000    0.000    0.000    0.000 argparse.py:1686(parse_known_args)
        1    0.000    0.000    0.000    0.000 argparse.py:1721(_parse_known_args)
        1    0.000    0.000    0.000    0.000 argparse.py:1866(consume_positionals)
        1    0.000    0.000    0.000    0.000 argparse.py:194(_Section)
        1    0.000    0.000    0.000    0.000 argparse.py:2007(_match_arguments_partial)
        3    0.000    0.000    0.000    0.000 argparse.py:2217(_get_value)
        1    0.001    0.001    0.001    0.001 argparse.py:62(<module>)
        1    0.000    0.000    0.000    0.000 argparse.py:626(RawDescriptionHelpFormatter)
        1    0.000    0.000    0.000    0.000 argparse.py:637(RawTextHelpFormatter)
        1    0.000    0.000    0.000    0.000 argparse.py:648(ArgumentDefaultsHelpFormatter)
        1    0.000    0.000    0.000    0.000 argparse.py:682(ArgumentError)
        1    0.000    0.000    0.000    0.000 argparse.py:702(ArgumentTypeError)
        1    0.000    0.000    0.000    0.000 argparse.py:711(Action)
        6    0.000    0.000    0.000    0.000 argparse.py:762(__init__)
        1    0.000    0.000    0.000    0.000 argparse.py:802(_StoreAction)
        5    0.000    0.000    0.000    0.000 argparse.py:804(__init__)
        1    0.000    0.000    0.000    0.000 argparse.py:837(_StoreConstAction)
        1    0.000    0.000    0.000    0.000 argparse.py:860(_StoreTrueAction)
        1    0.000    0.000    0.000    0.000 argparse.py:877(_StoreFalseAction)
        1    0.000    0.000    0.000    0.000 argparse.py:894(_AppendAction)
        1    0.000    0.000    0.000    0.000 argparse.py:931(_AppendConstAction)
       15    0.000    0.000    0.000    0.000 argparse.py:94(_callable)
        1    0.000    0.000    0.000    0.000 argparse.py:957(_CountAction)
        1    0.000    0.000    0.000    0.000 argparse.py:978(_HelpAction)
        1    0.000    0.000    0.000    0.000 argparse.py:980(__init__)
        1    0.000    0.000    0.000    0.000 argparse.py:997(_VersionAction)
        1    0.000    0.000    0.000    0.000 arrayprint.py:384(FloatFormat)
        1    0.001    0.001    0.001    0.001 arrayprint.py:4(<module>)
        1    0.000    0.000    0.000    0.000 arrayprint.py:510(ComplexFormat)
        1    0.000    0.000    0.002    0.002 arraysetops.py:30(<module>)
        1    0.000    0.000    0.000    0.000 arrayterator.py:21(Arrayterator)
        1    0.000    0.000    0.000    0.000 arrayterator.py:9(<module>)
        1    0.000    0.000    0.000    0.000 atexit.py:37(register)
        1    0.000    0.000    0.000    0.000 atexit.py:6(<module>)
        1    0.000    0.000    0.000    0.000 base.py:100(entity)
    11730    0.072    0.000    0.197    0.000 base.py:101(__init__)
        1    0.001    0.001    0.006    0.006 base.py:16(<module>)
        1    0.000    0.000    0.000    0.000 base.py:171(copyableGroup)
      347    0.041    0.000    0.559    0.002 base.py:179(load)
        1    0.000    0.000    0.000    0.000 base.py:23(drawnObject)
    11771    0.073    0.000    0.094    0.000 base.py:25(__init__)
    11771    0.047    0.000    0.323    0.000 base.py:33(load)
        1    0.000    0.000    0.000    0.000 base.py:48(floor)
        1    0.000    0.000    0.000    0.000 base.py:51(woodFloor)
        1    0.000    0.000    0.000    0.000 base.py:55(physicalObject)
    11771    0.032    0.000    0.125    0.000 base.py:56(__init__)
        1    0.000    0.000    0.000    0.000 base.py:61(block)
       41    0.000    0.000    0.000    0.000 base.py:62(__init__)
        1    0.000    0.000    0.000    0.000 base.py:64(stone)
       40    0.000    0.000    0.000    0.000 base.py:65(__init__)
        1    0.000    0.000    0.000    0.000 base.py:68(stairsUp)
        1    0.000    0.000    0.000    0.000 base.py:79(stairsDown)
        1    0.000    0.000    0.000    0.000 base.py:80(__init__)
        1    0.000    0.000    0.000    0.000 base.py:89(stairsWarp)
        1    0.000    0.000    0.000    0.000 bisect.py:1(<module>)
        1    0.002    0.002    0.005    0.005 case.py:1(<module>)
        1    0.000    0.000    0.000    0.000 case.py:1007(FunctionTestCase)
        1    0.000    0.000    0.000    0.000 case.py:130(TestCase)
        1    0.000    0.000    0.000    0.000 case.py:22(SkipTest)
        1    0.000    0.000    0.000    0.000 case.py:31(_ExpectedFailure)
        1    0.000    0.000    0.000    0.000 case.py:42(_UnexpectedSuccess)
        7    0.000    0.000    0.000    0.000 case.py:597(_deprecate)
        1    0.000    0.000    0.000    0.000 case.py:95(_AssertRaisesContext)
        1    0.005    0.005    0.006    0.006 chebyshev.py:77(<module>)
      345    0.012    0.000    1.877    0.005 client.py:104(ev_entityPosReceived)
      346    0.009    0.000    2.088    0.006 client.py:109(ev_update)
        1    0.000    0.000    0.000    0.000 client.py:115(networkView)
        1    0.000    0.000    0.000    0.000 client.py:116(__init__)
        2    0.000    0.000    0.000    0.000 client.py:132(ev_w)
        6    0.000    0.000    0.001    0.000 client.py:138(ev_a)
        8    0.000    0.000    0.001    0.000 client.py:141(ev_d)
        1    0.000    0.000    0.000    0.000 client.py:146(ev_logout)
        1    0.000    0.000    0.000    0.000 client.py:148(keyController)
        1    0.000    0.000    0.000    0.000 client.py:149(__init__)
      346    0.004    0.000    0.021    0.000 client.py:156(ev_update)
        1    0.007    0.007    3.826    3.826 client.py:16(<module>)
        1    0.000    0.000    0.000    0.000 client.py:168(localStateView)
        1    0.139    0.139    0.139    0.139 client.py:169(__init__)
    96836    0.178    0.000    0.964    0.000 client.py:186(<lambda>)
        1    0.000    0.000    0.005    0.005 client.py:187(ev_distBlockState)
      345    0.072    0.000    1.307    0.004 client.py:204(ev_distEntityPos)
      345    0.023    0.000    5.767    0.017 client.py:218(ev_update)
        1    0.000    0.000    0.000    0.000 client.py:232(errorHandler)
        1    0.000    0.000    0.000    0.000 client.py:233(__init__)
        1    0.000    0.000    0.000    0.000 client.py:242(spinner)
        1    0.000    0.000    0.140    0.140 client.py:243(__init__)
        1    0.047    0.047    8.867    8.867 client.py:253(main)
        1    0.000    0.000    8.867    8.867 client.py:259(run)
        1    0.000    0.000    0.000    0.000 client.py:61(serverWrapper)
        1    0.000    0.000    0.000    0.000 client.py:62(__init__)
       18    0.000    0.000    0.002    0.000 client.py:70(postEvent)
      346    0.050    0.000    0.196    0.001 client.py:74(getData)
        1    0.000    0.000    0.000    0.000 client.py:85(networkController)
        1    0.000    0.000    0.000    0.000 client.py:86(__init__)
        1    0.000    0.000    0.006    0.006 client.py:98(ev_blockStateReceived)
        1    0.001    0.001    0.003    0.003 collections.py:1(<module>)
        1    0.000    0.000    0.000    0.000 collections.py:20(_recursive_repr)
        3    0.003    0.001    0.003    0.001 collections.py:224(namedtuple)
      114    0.000    0.000    0.000    0.000 collections.py:264(<genexpr>)
       17    0.000    0.000    0.000    0.000 collections.py:281(<genexpr>)
        1    0.000    0.000    0.000    0.000 collections.py:342(Counter)
        1    0.000    0.000    0.000    0.000 collections.py:46(OrderedDict)
        5    0.000    0.000    0.001    0.000 collections.py:58(__init__)
       16    0.000    0.000    0.000    0.000 collections.py:76(__setitem__)
       16    0.000    0.000    0.000    0.000 collections.py:97(__iter__)
        1    0.000    0.000    0.000    0.000 colordict.py:21(<module>)
        1    0.000    0.000    0.000    0.000 compat.py:1(<module>)
        1    0.000    0.000    0.000    0.000 compat.py:21(get_BytesIO)
        2    0.000    0.000    0.000    0.000 copy_reg.py:14(pickle)
        2    0.000    0.000    0.000    0.000 copy_reg.py:27(constructor)
        1    0.000    0.000    0.000    0.000 core.py:1025(_DomainedBinaryOperation)
        6    0.000    0.000    0.000    0.000 core.py:1045(__init__)
       37    0.000    0.000    0.001    0.000 core.py:106(get_object_signature)
        1    0.000    0.000    0.000    0.000 core.py:125(MAError)
        1    0.000    0.000    0.000    0.000 core.py:128(MaskError)
        1    0.001    0.001    0.004    0.004 core.py:21(<module>)
        1    0.000    0.000    0.000    0.000 core.py:2250(_MaskedPrintOption)
        1    0.000    0.000    0.000    0.000 core.py:2255(__init__)
        1    0.000    0.000    0.000    0.000 core.py:2399(_arraymethod)
        9    0.000    0.000    0.000    0.000 core.py:2428(__init__)
        9    0.000    0.000    0.000    0.000 core.py:2434(getdoc)
        4    0.000    0.000    0.000    0.000 core.py:2441(__get__)
        1    0.000    0.000    0.000    0.000 core.py:2469(MaskedIterator)
        1    0.000    0.000    0.000    0.000 core.py:2572(MaskedArray)
        1    0.000    0.000    0.000    0.000 core.py:5521(mvoid)
        1    0.000    0.000    0.000    0.000 core.py:5711(MaskedConstant)
        1    0.000    0.000    0.000    0.000 core.py:5717(__new__)
        1    0.000    0.000    0.000    0.000 core.py:5720(__array_finalize__)
        1    0.000    0.000    0.000    0.000 core.py:5815(_extrema_operation)
        1    0.000    0.000    0.000    0.000 core.py:5870(_minimum_operation)
        1    0.000    0.000    0.000    0.000 core.py:5872(__init__)
        1    0.000    0.000    0.000    0.000 core.py:5882(_maximum_operation)
        1    0.000    0.000    0.000    0.000 core.py:5884(__init__)
        1    0.000    0.000    0.000    0.000 core.py:5926(_frommethod)
       23    0.000    0.000    0.001    0.000 core.py:5936(__init__)
       23    0.000    0.000    0.001    0.000 core.py:5940(getdoc)
        1    0.000    0.000    0.000    0.000 core.py:7137(_convert2ma)
        8    0.000    0.000    0.000    0.000 core.py:7149(__init__)
        8    0.000    0.000    0.000    0.000 core.py:7154(getdoc)
        1    0.000    0.000    0.000    0.000 core.py:723(_DomainCheckInterval)
        3    0.000    0.000    0.000    0.000 core.py:731(__init__)
        1    0.000    0.000    0.000    0.000 core.py:745(_DomainTan)
        1    0.000    0.000    0.000    0.000 core.py:751(__init__)
        1    0.000    0.000    0.000    0.000 core.py:761(_DomainSafeDivide)
        6    0.000    0.000    0.000    0.000 core.py:763(__init__)
        1    0.000    0.000    0.000    0.000 core.py:776(_DomainGreater)
        3    0.000    0.000    0.000    0.000 core.py:778(__init__)
        1    0.000    0.000    0.000    0.000 core.py:788(_DomainGreaterEqual)
        2    0.000    0.000    0.000    0.000 core.py:790(__init__)
        1    0.000    0.000    0.000    0.000 core.py:799(_MaskedUnaryOperation)
       26    0.000    0.000    0.000    0.000 core.py:816(__init__)
        1    0.000    0.000    0.000    0.000 core.py:881(_MaskedBinaryOperation)
        4    0.000    0.000    0.000    0.000 core.py:89(doc_note)
       18    0.000    0.000    0.000    0.000 core.py:900(__init__)
        1    0.000    0.000    0.000    0.000 ctypeslib.py:144(_ndptr)
       12    0.000    0.000    0.000    0.000 ctypeslib.py:297(prep_simple)
        1    0.001    0.001    0.005    0.005 ctypeslib.py:51(<module>)
        1    0.000    0.000    0.000    0.000 cursors.py:32(<module>)
        1    0.001    0.001    0.001    0.001 decorators.py:15(<module>)
        1    0.000    0.000    0.000    0.000 defchararray.py:1695(chararray)
        1    0.000    0.000    0.000    0.000 defchararray.py:17(<module>)
        1    0.001    0.001    0.001    0.001 defmatrix.py:1(<module>)
        1    0.000    0.000    0.000    0.000 defmatrix.py:195(matrix)
        1    0.000    0.000    0.000    0.000 dep_util.py:5(<module>)
        1    0.002    0.002    0.002    0.002 difflib.py:1639(HtmlDiff)
        1    0.000    0.000    0.004    0.004 difflib.py:29(<module>)
        1    0.000    0.000    0.000    0.000 difflib.py:46(SequenceMatcher)
        1    0.000    0.000    0.000    0.000 difflib.py:766(Differ)
        1    0.001    0.001    0.001    0.001 dis.py:1(<module>)
        1    0.000    0.000    0.000    0.000 errors.py:13(DistutilsError)
        1    0.001    0.001    0.001    0.001 errors.py:16(<module>)
        1    0.000    0.000    0.000    0.000 errors.py:16(DistutilsModuleError)
        1    0.000    0.000    0.000    0.000 errors.py:16(coreError)
        1    0.000    0.000    0.000    0.000 errors.py:17(serverError)
        1    0.000    0.000    0.000    0.000 errors.py:18(drawError)
        1    0.000    0.000    0.000    0.000 errors.py:19(configError)
        1    0.000    0.000    0.000    0.000 errors.py:20(DistutilsClassError)
        1    0.000    0.000    0.000    0.000 errors.py:20(invalidRequestError)
        1    0.000    0.000    0.000    0.000 errors.py:21(netError)
        1    0.000    0.000    0.000    0.000 errors.py:22(dbError)
        1    0.000    0.000    0.000    0.000 errors.py:26(DistutilsGetoptError)
        1    0.000    0.000    0.000    0.000 errors.py:29(DistutilsArgError)
        1    0.000    0.000    0.000    0.000 errors.py:33(DistutilsFileError)
        1    0.000    0.000    0.000    0.000 errors.py:38(DistutilsOptionError)
        1    0.000    0.000    0.000    0.000 errors.py:46(DistutilsSetupError)
        1    0.000    0.000    0.000    0.000 errors.py:50(DistutilsPlatformError)
        1    0.000    0.000    0.000    0.000 errors.py:55(DistutilsExecError)
        1    0.000    0.000    0.000    0.000 errors.py:59(DistutilsInternalError)
        1    0.000    0.000    0.000    0.000 errors.py:63(DistutilsTemplateError)
        1    0.000    0.000    0.000    0.000 errors.py:66(DistutilsByteCompileError)
        1    0.000    0.000    0.000    0.000 errors.py:70(CCompilerError)
        1    0.000    0.000    0.000    0.000 errors.py:73(PreprocessError)
        1    0.000    0.000    0.000    0.000 errors.py:76(CompileError)
        1    0.000    0.000    0.000    0.000 errors.py:79(LibError)
        1    0.000    0.000    0.000    0.000 errors.py:83(LinkError)
        1    0.000    0.000    0.000    0.000 errors.py:87(UnknownFileError)
        1    0.001    0.001    0.001    0.001 errors.py:9(<module>)
        1    0.000    0.000    0.001    0.001 extras.py:10(<module>)
        1    0.000    0.000    0.000    0.000 extras.py:1465(MAxisConcatenator)
        1    0.000    0.000    0.000    0.000 extras.py:1477(__init__)
        1    0.000    0.000    0.000    0.000 extras.py:1531(mr_class)
        1    0.000    0.000    0.000    0.000 extras.py:1547(__init__)
        1    0.000    0.000    0.000    0.000 extras.py:223(_fromnxfunction)
        6    0.000    0.000    0.000    0.000 extras.py:240(__init__)
        6    0.000    0.000    0.000    0.000 extras.py:244(getdoc)
        1    0.000    0.000    0.001    0.001 fftpack.py:32(<module>)
        1    0.000    0.000    0.000    0.000 financial.py:8(<module>)
        1    0.000    0.000    0.001    0.001 floor1.py:16(<module>)
        1    0.000    0.000    0.000    0.000 floor1.py:19(lvl)
        1    0.000    0.000    0.000    0.000 floor2.py:16(<module>)
        1    0.000    0.000    0.000    0.000 floor2.py:19(lvl)
        1    0.000    0.000    0.000    0.000 fnmatch.py:11(<module>)
        1    0.000    0.000    0.000    0.000 format.py:136(<module>)
        1    0.000    0.000    0.000    0.000 fromnumeric.py:2(<module>)
        2    0.001    0.000    0.002    0.001 function_base.py:1(<module>)
        1    0.000    0.000    0.000    0.000 function_base.py:1704(vectorize)
      243    0.008    0.000    0.010    0.000 function_base.py:3122(add_newdoc)
        3    0.000    0.000    0.000    0.000 functools.py:17(update_wrapper)
        3    0.000    0.000    0.000    0.000 functools.py:39(wraps)
      197    0.001    0.000    0.003    0.000 genericpath.py:15(exists)
      318    0.001    0.000    0.004    0.000 genericpath.py:38(isdir)
      284    0.001    0.000    0.002    0.000 genericpath.py:85(_splitext)
        1    0.000    0.000    0.000    0.000 getlimits.py:176(iinfo)
        1    0.000    0.000    0.000    0.000 getlimits.py:2(<module>)
        1    0.000    0.000    0.000    0.000 getlimits.py:22(finfo)
        9    0.000    0.000    0.001    0.000 gettext.py:130(_expand_lang)
        3    0.000    0.000    0.002    0.001 gettext.py:421(find)
        3    0.000    0.000    0.002    0.001 gettext.py:476(translation)
        3    0.000    0.000    0.002    0.001 gettext.py:542(dgettext)
        3    0.000    0.000    0.002    0.001 gettext.py:580(gettext)
        1    0.000    0.000    0.000    0.000 hashlib.py:55(<module>)
        6    0.000    0.000    0.000    0.000 hashlib.py:91(__get_openssl_constructor)
        1    0.001    0.001    0.001    0.001 heapq.py:31(<module>)
        1    0.000    0.000    0.000    0.000 helper.py:3(<module>)
        1    0.001    0.001    0.005    0.005 index_tricks.py:1(<module>)
        1    0.000    0.000    0.000    0.000 index_tricks.py:142(nd_grid)
        2    0.000    0.000    0.000    0.000 index_tricks.py:202(__init__)
        1    0.000    0.000    0.000    0.000 index_tricks.py:270(AxisConcatenator)
        3    0.000    0.000    0.000    0.000 index_tricks.py:288(__init__)
        1    0.000    0.000    0.000    0.000 index_tricks.py:397(RClass)
        1    0.000    0.000    0.000    0.000 index_tricks.py:491(__init__)
        1    0.000    0.000    0.000    0.000 index_tricks.py:496(CClass)
        1    0.000    0.000    0.000    0.000 index_tricks.py:513(__init__)
        1    0.000    0.000    0.000    0.000 index_tricks.py:518(ndenumerate)
        1    0.000    0.000    0.000    0.000 index_tricks.py:565(ndindex)
        1    0.000    0.000    0.000    0.000 index_tricks.py:660(IndexExpression)
        2    0.000    0.000    0.000    0.000 index_tricks.py:703(__init__)
        1    0.000    0.000    0.000    0.000 info.py:147(<module>)
        1    0.000    0.000    0.000    0.000 info.py:171(<module>)
        1    0.000    0.000    0.000    0.000 info.py:34(<module>)
        1    0.000    0.000    0.000    0.000 info.py:83(<module>)
        1    0.000    0.000    0.000    0.000 info.py:84(<module>)
        1    0.000    0.000    0.000    0.000 keyword.py:11(<module>)
        1    0.000    0.000    0.000    0.000 level.py:16(<module>)
        1    0.000    0.000    0.000    0.000 level.py:23(levelManager)
        1    0.000    0.000    0.000    0.000 level.py:58(level)
        1    0.001    0.001    0.001    0.001 linalg.py:10(<module>)
        1    0.000    0.000    0.000    0.000 linalg.py:37(LinAlgError)
        1    0.001    0.001    0.001    0.001 loader.py:1(<module>)
        1    0.000    0.000    0.000    0.000 loader.py:38(TestLoader)
        9    0.000    0.000    0.000    0.000 locale.py:334(normalize)
        1    0.000    0.000    0.000    0.000 log.py:1(<module>)
        1    0.000    0.000    0.000    0.000 log.py:14(Log)
        1    0.000    0.000    0.000    0.000 log.py:16(__init__)
        1    0.000    0.000    0.000    0.000 machar.py:15(MachAr)
        1    0.000    0.000    0.000    0.000 machar.py:4(<module>)
        1    0.000    0.000    0.001    0.001 main.py:1(<module>)
        1    0.000    0.000    0.000    0.000 main.py:63(TestProgram)
        1    0.000    0.000    0.000    0.000 memmap.py:1(<module>)
        1    0.000    0.000    0.000    0.000 memmap.py:20(memmap)
        1    0.001    0.001    0.002    0.002 modulefinder.py:1(<module>)
        1    0.000    0.000    0.000    0.000 modulefinder.py:35(AddPackagePath)
        1    0.000    0.000    0.000    0.000 modulefinder.py:51(Module)
        1    0.000    0.000    0.000    0.000 modulefinder.py:75(ModuleFinder)
        1    0.000    0.000    0.000    0.000 nosetester.py:109(NoseTester)
       19    0.000    0.000    0.000    0.000 nosetester.py:138(__init__)
        1    0.000    0.000    0.000    0.000 nosetester.py:6(<module>)
        3    0.000    0.000    0.000    0.000 nosetester.py:82(_docmethod)
        1    0.001    0.001    0.002    0.002 npyio.py:1(<module>)
        1    0.000    0.000    0.000    0.000 npyio.py:113(NpzFile)
        1    0.000    0.000    0.000    0.000 npyio.py:74(BagObj)
        1    0.002    0.002    0.003    0.003 numeric.py:1(<module>)
        2    0.000    0.000    0.000    0.000 numeric.py:1426(set_string_function)
        3    0.000    0.000    0.001    0.000 numeric.py:177(extend_all)
        1    0.000    0.000    0.000    0.000 numeric.py:2378(_unspecified)
        1    0.000    0.000    0.000    0.000 numeric.py:2382(errstate)
        1    0.000    0.000    0.000    0.000 numeric.py:2456(_setdef)
        1    0.000    0.000    0.000    0.000 numeric.py:36(ComplexWarning)
       66    0.000    0.000    0.000    0.000 numerictypes.py:125(english_lower)
       34    0.000    0.000    0.000    0.000 numerictypes.py:152(english_upper)
       11    0.000    0.000    0.000    0.000 numerictypes.py:179(english_capitalize)
       18    0.000    0.000    0.000    0.000 numerictypes.py:214(_evalname)
       23    0.000    0.000    0.000    0.000 numerictypes.py:227(bitname)
        1    0.000    0.000    0.000    0.000 numerictypes.py:279(_add_types)
        1    0.000    0.000    0.001    0.001 numerictypes.py:295(_add_aliases)
        1    0.000    0.000    0.000    0.000 numerictypes.py:336(_add_integer_aliases)
        1    0.000    0.000    0.000    0.000 numerictypes.py:377(_set_up_aliases)
        1    0.000    0.000    0.000    0.000 numerictypes.py:426(_construct_char_code_lookup)
       30    0.000    0.000    0.000    0.000 numerictypes.py:441(_add_array_type)
        1    0.000    0.000    0.000    0.000 numerictypes.py:449(_set_array_types)
        1    0.000    0.000    0.000    0.000 numerictypes.py:688(_typedict)
        1    0.000    0.000    0.000    0.000 numerictypes.py:703(_construct_lookups)
        1    0.000    0.000    0.002    0.002 numerictypes.py:83(<module>)
        1    0.000    0.000    0.000    0.000 numpytest.py:1(<module>)
        1    0.000    0.000    0.000    0.000 numpytest.py:10(IgnoreException)
      119    0.000    0.000    0.000    0.000 opcode.py:27(def_op)
       11    0.000    0.000    0.000    0.000 opcode.py:31(name_op)
        6    0.000    0.000    0.000    0.000 opcode.py:35(jrel_op)
        6    0.000    0.000    0.000    0.000 opcode.py:39(jabs_op)
        1    0.000    0.000    0.000    0.000 opcode.py:5(<module>)
        1    0.000    0.000    0.000    0.000 os.py:35(_get_exports_list)
        1    0.000    0.000    0.000    0.000 os.py:743(urandom)
        1    0.000    0.000    0.000    0.000 pit.py:16(<module>)
        1    0.000    0.000    0.000    0.000 pit.py:17(pitwall)
        1    0.000    0.000    0.000    0.000 pit.py:21(pitcreature)
    11385    0.042    0.000    0.231    0.000 pit.py:22(__init__)
        1    0.000    0.000    0.000    0.000 pit.py:42(pittooth)
    11385    0.036    0.000    0.267    0.000 pit.py:43(__init__)
      284    0.001    0.000    0.004    0.000 pkg_resources.py:1095(safe_name)
      275    0.001    0.000    0.003    0.000 pkg_resources.py:1103(safe_version)
        1    0.000    0.000    0.000    0.000 pkg_resources.py:1136(NullProvider)
        2    0.000    0.000    0.000    0.000 pkg_resources.py:1143(__init__)
        1    0.000    0.000    0.000    0.000 pkg_resources.py:1156(has_resource)
      172    0.001    0.000    0.005    0.000 pkg_resources.py:1159(has_metadata)
       77    0.000    0.000    0.005    0.000 pkg_resources.py:1163(get_metadata)
       77    0.000    0.000    0.005    0.000 pkg_resources.py:1173(get_metadata_lines)
      251    0.001    0.000    0.002    0.000 pkg_resources.py:1224(_fn)
        1    0.000    0.000    0.000    0.000 pkg_resources.py:1239(EggProvider)
        2    0.000    0.000    0.000    0.000 pkg_resources.py:1242(__init__)
        2    0.000    0.000    0.000    0.000 pkg_resources.py:1246(_setup_prefix)
        1    0.000    0.000    0.000    0.000 pkg_resources.py:1265(DefaultProvider)
      173    0.001    0.000    0.003    0.000 pkg_resources.py:1268(_has)
        1    0.000    0.000    0.000    0.000 pkg_resources.py:1277(get_resource_stream)
       77    0.000    0.000    0.004    0.000 pkg_resources.py:1280(_get)
        1    0.000    0.000    0.000    0.000 pkg_resources.py:1290(EmptyProvider)
        1    0.000    0.000    0.000    0.000 pkg_resources.py:1298(__init__)
        1    0.000    0.000    0.000    0.000 pkg_resources.py:1306(ZipProvider)
        1    0.003    0.003    0.266    0.266 pkg_resources.py:14(<module>)
        1    0.000    0.000    0.000    0.000 pkg_resources.py:143(ResolutionError)
        1    0.000    0.000    0.000    0.000 pkg_resources.py:1474(FileMetadata)
        1    0.000    0.000    0.000    0.000 pkg_resources.py:148(VersionConflict)
      160    0.000    0.000    0.000    0.000 pkg_resources.py:1486(__init__)
      235    0.000    0.000    0.000    0.000 pkg_resources.py:1489(has_metadata)
        1    0.000    0.000    0.000    0.000 pkg_resources.py:1492(get_metadata)
        1    0.000    0.000    0.000    0.000 pkg_resources.py:1500(get_metadata_lines)
        1    0.000    0.000    0.000    0.000 pkg_resources.py:151(DistributionNotFound)
        1    0.000    0.000    0.000    0.000 pkg_resources.py:1518(PathMetadata)
      124    0.000    0.000    0.000    0.000 pkg_resources.py:1538(__init__)
        1    0.000    0.000    0.000    0.000 pkg_resources.py:154(UnknownExtra)
        1    0.000    0.000    0.000    0.000 pkg_resources.py:1543(EggMetadata)
        1    0.000    0.000    0.000    0.000 pkg_resources.py:1559(ImpWrapper)
        1    0.000    0.000    0.000    0.000 pkg_resources.py:1580(ImpLoader)
        3    0.000    0.000    0.000    0.000 pkg_resources.py:1643(register_finder)
        3    0.000    0.000    0.000    0.000 pkg_resources.py:165(register_loader_type)
       70    0.000    0.000    0.004    0.000 pkg_resources.py:1653(find_distributions)
        2    0.000    0.000    0.000    0.000 pkg_resources.py:1682(find_nothing)
      352    0.007    0.000    0.043    0.000 pkg_resources.py:1686(find_on_path)
        3    0.000    0.000    0.000    0.000 pkg_resources.py:1726(register_namespace_handler)
        2    0.000    0.000    0.000    0.000 pkg_resources.py:174(get_provider)
      691    0.004    0.000    0.138    0.000 pkg_resources.py:1743(_handle_ns)
    16/10    0.000    0.000    0.041    0.004 pkg_resources.py:1764(declare_namespace)
      136    0.002    0.000    0.099    0.001 pkg_resources.py:1795(fixup_namespace_packages)
      161    0.001    0.000    0.004    0.000 pkg_resources.py:1805(file_ns_handler)
      178    0.001    0.000    0.027    0.000 pkg_resources.py:1827(normalize_path)
     5545    0.004    0.000    0.012    0.000 pkg_resources.py:1831(_normalize_cached)
        4    0.000    0.000    0.000    0.000 pkg_resources.py:1838(_set_parent_ns)
      165    0.001    0.000    0.001    0.000 pkg_resources.py:1846(yield_lines)
        1    0.000    0.000    0.000    0.000 pkg_resources.py:1929(EntryPoint)
        1    0.000    0.000    0.000    0.000 pkg_resources.py:2057(Distribution)
      284    0.002    0.000    0.010    0.000 pkg_resources.py:2059(__init__)
        1    0.001    0.001    0.003    0.003 pkg_resources.py:206(get_build_platform)
      284    0.003    0.000    0.017    0.000 pkg_resources.py:2073(from_location)
      964    0.002    0.000    0.004    0.000 pkg_resources.py:2121(key)
        1    0.000    0.000    0.000    0.000 pkg_resources.py:2140(version)
      494    0.002    0.000    0.016    0.000 pkg_resources.py:2184(_get_metadata)
      136    0.001    0.000    0.190    0.001 pkg_resources.py:2189(activate)
      770    0.002    0.000    0.003    0.000 pkg_resources.py:2221(__getattr__)
       34    0.000    0.000    0.003    0.000 pkg_resources.py:2228(from_filename)
      136    0.003    0.000    0.044    0.000 pkg_resources.py:2280(insert_on)
      136    0.001    0.000    0.033    0.000 pkg_resources.py:2332(check_version_conflict)
        1    0.000    0.000    0.000    0.000 pkg_resources.py:2498(Requirement)
      233    0.010    0.000    0.011    0.000 pkg_resources.py:2598(_get_mro)
      229    0.000    0.000    0.000    0.000 pkg_resources.py:2601(cls)
      233    0.001    0.000    0.012    0.000 pkg_resources.py:2605(_find_adapter)
        1    0.000    0.000    0.000    0.000 pkg_resources.py:2655(_initialize)
      136    0.000    0.000    0.190    0.001 pkg_resources.py:2691(<lambda>)
        1    0.000    0.000    0.000    0.000 pkg_resources.py:316(IMetadataProvider)
        1    0.000    0.000    0.000    0.000 pkg_resources.py:348(IResourceProvider)
        1    0.000    0.000    0.000    0.000 pkg_resources.py:389(WorkingSet)
        1    0.000    0.000    0.033    0.033 pkg_resources.py:392(__init__)
       70    0.001    0.000    0.055    0.001 pkg_resources.py:406(add_entry)
      137    0.000    0.000    0.000    0.000 pkg_resources.py:471(__iter__)
      284    0.003    0.000    0.007    0.000 pkg_resources.py:484(add)
        1    0.000    0.000    0.003    0.003 pkg_resources.py:61(get_supported_platform)
        1    0.000    0.000    0.191    0.191 pkg_resources.py:662(subscribe)
      136    0.000    0.000    0.000    0.000 pkg_resources.py:671(_added_new)
        1    0.000    0.000    0.003    0.003 pkg_resources.py:685(Environment)
        1    0.000    0.000    0.000    0.000 pkg_resources.py:831(ExtractionError)
        1    0.000    0.000    0.000    0.000 pkg_resources.py:849(ResourceManager)
        1    0.000    0.000    0.000    0.000 pkg_resources.py:853(__init__)
        1    0.000    0.000    0.000    0.000 pkg_resources.py:856(resource_exists)
        1    0.000    0.000    0.000    0.000 pkg_resources.py:872(resource_stream)
        1    0.002    0.002    0.268    0.268 pkgdata.py:18(<module>)
        1    0.000    0.000    0.000    0.000 pkgdata.py:34(getResource)
      754    0.001    0.000    0.001    0.000 pkgutil.py:173(__init__)
      686    0.006    0.000    0.115    0.000 pkgutil.py:176(find_module)
      161    0.000    0.000    0.000    0.000 pkgutil.py:229(__init__)
        8    0.000    0.000    0.004    0.000 pkgutil.py:235(load_module)
        8    0.000    0.000    0.000    0.000 pkgutil.py:249(_reopen)
      761    0.002    0.000    0.003    0.000 pkgutil.py:358(get_importer)
        1    0.000    0.000    0.000    0.000 polynomial.py:19(RankWarning)
        1    0.000    0.000    0.003    0.003 polynomial.py:3(<module>)
        1    0.005    0.005    0.007    0.007 polynomial.py:48(<module>)
        1    0.000    0.000    0.000    0.000 polynomial.py:901(poly1d)
        1    0.000    0.000    0.000    0.000 polytemplate.py:11(<module>)
        1    0.000    0.000    0.000    0.000 polyutils.py:33(<module>)
        1    0.000    0.000    0.000    0.000 polyutils.py:48(RankWarning)
        1    0.000    0.000    0.000    0.000 polyutils.py:52(PolyError)
        1    0.000    0.000    0.000    0.000 polyutils.py:56(PolyDomainError)
        1    0.000    0.000    0.000    0.000 polyutils.py:69(PolyBase)
       35    0.000    0.000    0.000    0.000 posixpath.py:110(basename)
      157    0.001    0.000    0.001    0.000 posixpath.py:118(dirname)
     3859    0.011    0.000    0.036    0.000 posixpath.py:130(islink)
      865    0.011    0.000    0.016    0.000 posixpath.py:312(normpath)
      865    0.002    0.000    0.021    0.000 posixpath.py:341(abspath)
      864    0.020    0.000    0.121    0.000 posixpath.py:355(realpath)
      178    0.000    0.000    0.000    0.000 posixpath.py:43(normcase)
     1729    0.002    0.000    0.004    0.000 posixpath.py:51(isabs)
     4611    0.029    0.000    0.045    0.000 posixpath.py:60(join)
       12    0.000    0.000    0.000    0.000 posixpath.py:80(split)
      284    0.001    0.000    0.002    0.000 posixpath.py:95(splitext)
        1    0.000    0.000    0.000    0.000 pprint.py:35(<module>)
        1    0.000    0.000    0.000    0.000 pprint.py:81(PrettyPrinter)
        1    0.000    0.000    0.000    0.000 py3k.py:4(<module>)
        1    0.000    0.000    0.000    0.000 randlev.py:1(<module>)
        1    0.000    0.000    0.000    0.000 randlev.py:4(randLevel)
        1    0.000    0.000    0.000    0.000 random.py:100(seed)
        1    0.002    0.002    0.002    0.002 random.py:40(<module>)
        1    0.000    0.000    0.000    0.000 random.py:647(WichmannHill)
        1    0.000    0.000    0.000    0.000 random.py:72(Random)
        1    0.000    0.000    0.000    0.000 random.py:797(SystemRandom)
        1    0.000    0.000    0.000    0.000 random.py:91(__init__)
      559    0.002    0.000    0.006    0.000 re.py:144(sub)
       27    0.000    0.000    0.022    0.001 re.py:188(compile)
      586    0.002    0.000    0.024    0.000 re.py:229(_compile)
        1    0.000    0.000    0.000    0.000 records.py:214(record)
        1    0.000    0.000    0.000    0.000 records.py:284(recarray)
        1    0.000    0.000    0.000    0.000 records.py:36(<module>)
        1    0.000    0.000    0.000    0.000 records.py:83(format_parser)
        1    0.001    0.001    0.001    0.001 result.py:1(<module>)
        3    0.000    0.000    0.000    0.000 result.py:14(failfast)
        1    0.000    0.000    0.000    0.000 result.py:26(TestResult)
        1    0.000    0.000   12.693   12.693 runclient.py:17(<module>)
        1    0.000    0.000    0.001    0.001 runner.py:1(<module>)
        1    0.000    0.000    0.000    0.000 runner.py:119(TextTestRunner)
        1    0.000    0.000    0.000    0.000 runner.py:12(_WritelnDecorator)
        1    0.000    0.000    0.000    0.000 runner.py:28(TextTestResult)
        1    0.000    0.000    0.000    0.000 scimath.py:17(<module>)
        2    0.000    0.000    0.000    0.000 shape_base.py:1(<module>)
        1    0.000    0.000    0.000    0.000 shutil.py:30(Error)
        1    0.000    0.000    0.000    0.000 shutil.py:33(SpecialFileError)
        1    0.000    0.000    0.000    0.000 shutil.py:37(ExecError)
        1    0.000    0.000    0.000    0.000 shutil.py:5(<module>)
        1    0.000    0.000    0.000    0.000 signals.py:1(<module>)
        1    0.000    0.000    0.000    0.000 signals.py:9(_InterruptHandler)
        1    0.001    0.001    0.001    0.001 sndarray.py:57(<module>)
        1    0.000    0.000    0.000    0.000 socket.py:167(_closedsocket)
        1    0.000    0.000    0.000    0.000 socket.py:179(_socketobject)
        1    0.000    0.000    0.000    0.000 socket.py:185(__init__)
        2    0.000    0.000    0.001    0.000 socket.py:223(meth)
        1    0.000    0.000    0.000    0.000 socket.py:235(_fileobject)
        1    0.002    0.002    0.002    0.002 socket.py:45(<module>)
        1    0.000    0.000    0.000    0.000 spawn.py:7(<module>)
        1    0.000    0.000    0.000    0.000 sprite.py:1079(GroupSingle)
        1    0.000    0.000    0.000    0.000 sprite.py:1090(__init__)
      689    0.002    0.000    0.002    0.000 sprite.py:1098(sprites)
      345    0.001    0.000    0.002    0.000 sprite.py:1102(add_internal)
    11771    0.021    0.000    0.021    0.000 sprite.py:112(__init__)
      345    0.001    0.000    0.001    0.000 sprite.py:1123(has_internal)
        1    0.000    0.000    0.000    0.000 sprite.py:1149(collide_rect_ratio)
        1    0.000    0.000    0.000    0.000 sprite.py:1226(collide_circle_ratio)
    12116    0.013    0.000    0.013    0.000 sprite.py:146(add_internal)
      344    0.001    0.000    0.001    0.000 sprite.py:149(remove_internal)
        1    0.000    0.000    0.000    0.000 sprite.py:198(DirtySprite)
        1    0.000    0.000    0.000    0.000 sprite.py:255(AbstractGroup)
      348    0.001    0.000    0.001    0.000 sprite.py:267(__init__)
     2759    0.014    0.000    0.021    0.000 sprite.py:271(sprites)
    11771    0.014    0.000    0.014    0.000 sprite.py:281(add_internal)
    11771    0.013    0.000    0.013    0.000 sprite.py:290(has_internal)
      347    0.002    0.000    0.005    0.000 sprite.py:301(__iter__)
    12463    0.141    0.000    0.197    0.000 sprite.py:307(add)
     2068    0.080    0.000    3.108    0.002 sprite.py:401(draw)
     1720    0.150    0.000    1.128    0.001 sprite.py:412(clear)
      688    0.004    0.000    0.012    0.000 sprite.py:446(__nonzero__)
        1    0.000    0.000    0.000    0.000 sprite.py:459(Group)
      347    0.004    0.000    0.006    0.000 sprite.py:477(__init__)
        1    0.000    0.000    0.000    0.000 sprite.py:484(RenderUpdates)
        1    0.000    0.000    0.000    0.000 sprite.py:512(OrderedUpdates)
        1    0.000    0.000    0.000    0.000 sprite.py:538(LayeredUpdates)
        1    0.001    0.001    0.001    0.001 sprite.py:66(<module>)
        1    0.000    0.000    0.000    0.000 sprite.py:837(LayeredDirty)
        1    0.000    0.000    0.000    0.000 sprite.py:99(Sprite)
       47    0.000    0.000    0.002    0.000 sre_compile.py:178(_compile_charset)
       47    0.001    0.000    0.002    0.000 sre_compile.py:207(_optimize_charset)
       72    0.000    0.000    0.000    0.000 sre_compile.py:24(_identityfunction)
        4    0.000    0.000    0.000    0.000 sre_compile.py:258(_mk_bitmap)
   148/26    0.002    0.000    0.007    0.000 sre_compile.py:32(_compile)
       68    0.000    0.000    0.000    0.000 sre_compile.py:354(_simple)
       26    0.000    0.000    0.003    0.000 sre_compile.py:361(_compile_info)
       52    0.000    0.000    0.000    0.000 sre_compile.py:474(isstring)
       26    0.000    0.000    0.010    0.000 sre_compile.py:480(_code)
       26    0.000    0.000    0.021    0.001 sre_compile.py:495(compile)
       15    0.000    0.000    0.000    0.000 sre_compile.py:51(fixup)
      308    0.000    0.000    0.001    0.000 sre_parse.py:126(__len__)
        4    0.000    0.000    0.000    0.000 sre_parse.py:128(__delitem__)
      570    0.001    0.000    0.002    0.000 sre_parse.py:130(__getitem__)
       68    0.000    0.000    0.000    0.000 sre_parse.py:134(__setitem__)
      208    0.000    0.000    0.000    0.000 sre_parse.py:138(append)
   216/94    0.002    0.000    0.002    0.000 sre_parse.py:140(getwidth)
       26    0.000    0.000    0.000    0.000 sre_parse.py:178(__init__)
      657    0.002    0.000    0.003    0.000 sre_parse.py:182(__next)
      372    0.000    0.000    0.001    0.000 sre_parse.py:195(match)
      513    0.001    0.000    0.003    0.000 sre_parse.py:201(get)
       72    0.000    0.000    0.000    0.000 sre_parse.py:210(isident)
        2    0.000    0.000    0.000    0.000 sre_parse.py:213(isdigit)
       15    0.000    0.000    0.000    0.000 sre_parse.py:216(isname)
        2    0.000    0.000    0.000    0.000 sre_parse.py:225(_class_escape)
       47    0.000    0.000    0.000    0.000 sre_parse.py:257(_escape)
    64/26    0.001    0.000    0.011    0.000 sre_parse.py:301(_parse_sub)
    74/28    0.004    0.000    0.010    0.000 sre_parse.py:379(_parse)
       26    0.000    0.000    0.011    0.000 sre_parse.py:663(parse)
       26    0.000    0.000    0.000    0.000 sre_parse.py:67(__init__)
       37    0.000    0.000    0.000    0.000 sre_parse.py:72(opengroup)
       37    0.000    0.000    0.000    0.000 sre_parse.py:83(closegroup)
      148    0.000    0.000    0.000    0.000 sre_parse.py:90(__init__)
     4165    0.003    0.000    0.003    0.000 stat.py:24(S_IFMT)
      318    0.001    0.000    0.001    0.000 stat.py:40(S_ISDIR)
     3847    0.006    0.000    0.008    0.000 stat.py:55(S_ISLNK)
        1    0.000    0.000    0.000    0.000 stride_tricks.py:12(DummyArray)
        1    0.000    0.000    0.000    0.000 stride_tricks.py:7(<module>)
        1    0.000    0.000    0.000    0.000 string.py:131(__init__)
        2    0.000    0.000    0.002    0.001 string.py:148(substitute)
      182    0.000    0.000    0.001    0.000 string.py:158(convert)
        1    0.000    0.000    0.000    0.000 string.py:220(lower)
        3    0.000    0.000    0.000    0.000 string.py:511(replace)
        1    0.000    0.000    0.000    0.000 suite.py:1(<module>)
        1    0.000    0.000    0.000    0.000 suite.py:11(BaseTestSuite)
        1    0.000    0.000    0.000    0.000 suite.py:236(_ErrorHolder)
        1    0.000    0.000    0.000    0.000 suite.py:283(_DebugResult)
        1    0.000    0.000    0.000    0.000 suite.py:73(TestSuite)
        1    0.001    0.001    0.084    0.084 surfarray.py:60(<module>)
        1    0.000    0.000    0.000    0.000 sysfont.py:21(<module>)
        1    0.000    0.000    0.001    0.001 threading.py:1(<module>)
        1    0.000    0.000    0.000    0.000 threading.py:104(_RLock)
        2    0.000    0.000    0.000    0.000 threading.py:181(Condition)
        1    0.000    0.000    0.000    0.000 threading.py:184(_Condition)
        2    0.000    0.000    0.000    0.000 threading.py:186(__init__)
        1    0.000    0.000    0.000    0.000 threading.py:226(_is_owned)
        1    0.000    0.000    0.000    0.000 threading.py:277(notify)
        1    0.000    0.000    0.000    0.000 threading.py:295(notifyAll)
        1    0.000    0.000    0.000    0.000 threading.py:304(_Semaphore)
        1    0.000    0.000    0.000    0.000 threading.py:352(_BoundedSemaphore)
        1    0.000    0.000    0.000    0.000 threading.py:364(Event)
        1    0.000    0.000    0.000    0.000 threading.py:367(_Event)
        1    0.000    0.000    0.000    0.000 threading.py:371(__init__)
        1    0.000    0.000    0.000    0.000 threading.py:385(set)
        1    0.000    0.000    0.000    0.000 threading.py:424(Thread)
        1    0.000    0.000    0.000    0.000 threading.py:436(__init__)
        1    0.000    0.000    0.000    0.000 threading.py:531(_set_ident)
        1    0.000    0.000    0.000    0.000 threading.py:56(_Verbose)
        4    0.000    0.000    0.000    0.000 threading.py:58(__init__)
        1    0.000    0.000    0.000    0.000 threading.py:63(_note)
        1    0.000    0.000    0.000    0.000 threading.py:733(_Timer)
        1    0.000    0.000    0.000    0.000 threading.py:762(_MainThread)
        1    0.000    0.000    0.000    0.000 threading.py:764(__init__)
        1    0.000    0.000    0.000    0.000 threading.py:771(_set_daemon)
        1    0.000    0.000    0.000    0.000 threading.py:802(_DummyThread)
        1    0.000    0.000    0.000    0.000 twodim_base.py:3(<module>)
        1    0.000    0.000    0.026    0.026 type_check.py:3(<module>)
        1    0.000    0.000    0.000    0.000 ufunclike.py:4(<module>)
        1    0.000    0.000    0.000    0.000 urlparse.py:112(SplitResult)
        1    0.000    0.000    0.000    0.000 urlparse.py:120(ParseResult)
        1    0.001    0.001    0.004    0.004 urlparse.py:29(<module>)
      485    0.001    0.000    0.001    0.000 urlparse.py:310(<genexpr>)
        1    0.000    0.000    0.000    0.000 urlparse.py:67(ResultMixin)
        1    0.000    0.000    0.000    0.000 util.py:1(<module>)
        1    0.000    0.000    0.000    0.000 util.py:16(get_platform)
        1    0.001    0.001    0.002    0.002 util.py:5(<module>)
        1    0.000    0.000    0.001    0.001 utils.py:1(<module>)
       15    0.000    0.000    0.000    0.000 utils.py:108(__init__)
       15    0.000    0.000    0.000    0.000 utils.py:113(__call__)
        1    0.000    0.000    0.000    0.000 utils.py:1315(WarningMessage)
        1    0.000    0.000    0.000    0.000 utils.py:1345(WarningManager)
       15    0.000    0.000    0.001    0.000 utils.py:157(deprecate)
        1    0.002    0.002    0.005    0.005 utils.py:16(<module>)
        3    0.000    0.000    0.000    0.000 utils.py:23(serializable)
        1    0.000    0.000    0.000    0.000 utils.py:3(<module>)
       17    0.000    0.000    0.005    0.000 utils.py:44(loadImage)
        1    0.000    0.000    0.000    0.000 utils.py:50(netEvent)
       18    0.000    0.000    0.000    0.000 utils.py:54(__init__)
      346    0.003    0.000    0.003    0.000 utils.py:57(cham)
       15    0.000    0.000    0.000    0.000 utils.py:93(_set_function_name)
        1    0.000    0.000    0.000    0.000 utils.py:97(_Deprecate)
        1    0.000    0.000    0.000    0.000 utils.py:980(SafeEval)
        1    0.000    0.000    0.000    0.000 version.py:28(<module>)
        1    0.000    0.000    0.000    0.000 version.py:3(<module>)
        1    0.000    0.000    0.001    0.001 warnings.py:45(filterwarnings)
        1    0.000    0.000    0.000    0.000 warnings.py:74(simplefilter)
        1    0.000    0.000    0.000    0.000 weakref.py:243(__init__)
        3    0.000    0.000    0.000    0.000 {__import__}
        2    0.000    0.000    0.000    0.000 {_ctypes.POINTER}
        1    0.000    0.000    0.000    0.000 {_ctypes.dlopen}
        1    0.000    0.000    0.000    0.000 {_ctypes.set_conversion_mode}
       46    0.000    0.000    0.000    0.000 {_ctypes.sizeof}
        1    0.000    0.000    0.000    0.000 {_hashlib.openssl_md5}
        1    0.000    0.000    0.000    0.000 {_hashlib.openssl_sha1}
        1    0.000    0.000    0.000    0.000 {_hashlib.openssl_sha224}
        1    0.000    0.000    0.000    0.000 {_hashlib.openssl_sha256}
        1    0.000    0.000    0.000    0.000 {_hashlib.openssl_sha384}
        1    0.000    0.000    0.000    0.000 {_hashlib.openssl_sha512}
       26    0.000    0.000    0.000    0.000 {_sre.compile}
       40    0.000    0.000    0.000    0.000 {_sre.getlower}
       18    0.000    0.000    0.000    0.000 {_struct.calcsize}
       17    0.000    0.000    0.000    0.000 {all}
        1    0.000    0.000    0.000    0.000 {binascii.hexlify}
      135    0.000    0.000    0.004    0.000 {built-in method fromkeys}
      556    0.001    0.000    0.001    0.000 {built-in method group}
      305    0.001    0.000    0.001    0.000 {built-in method match}
     4356    0.011    0.000    0.011    0.000 {built-in method poll}
        1    0.000    0.000    0.000    0.000 {built-in method register}
      561    0.004    0.000    0.004    0.000 {built-in method sub}
       18    0.001    0.000    0.001    0.000 {cPickle.dumps}
      346    0.065    0.000    0.067    0.000 {cPickle.loads}
        3    0.000    0.000    0.000    0.000 {callable}
      745    0.000    0.000    0.000    0.000 {chr}
        2    0.000    0.000    0.000    0.000 {dir}
        1    0.000    0.000    0.000    0.000 {function seed at 0x8a99d4c}
     1167    0.001    0.000    0.001    0.000 {getattr}
       70    0.000    0.000    0.000    0.000 {globals}
      192    0.000    0.000    0.000    0.000 {hasattr}
      152    0.000    0.000    0.000    0.000 {imp.acquire_lock}
      686    0.013    0.000    0.013    0.000 {imp.find_module}
        8    0.001    0.000    0.004    0.000 {imp.load_module}
      152    0.000    0.000    0.000    0.000 {imp.release_lock}
    14654    0.016    0.000    0.017    0.000 {isinstance}
    28/26    0.000    0.000    0.000    0.000 {issubclass}
      348    0.000    0.000    0.000    0.000 {iter}
4073/3991    0.003    0.000    0.003    0.000 {len}
        3    0.000    0.000    0.000    0.000 {locals}
      277    0.005    0.000    0.076    0.000 {map}
        1    0.000    0.000    0.000    0.000 {math.exp}
        2    0.000    0.000    0.000    0.000 {math.log}
        1    0.000    0.000    0.000    0.000 {math.sqrt}
       16    0.000    0.000    0.000    0.000 {max}
       17    0.000    0.000    0.000    0.000 {method '__contains__' of 'frozenset' objects}
        2    0.000    0.000    0.000    0.000 {method '__subclasses__' of 'type' objects}
        2    0.000    0.000    0.000    0.000 {method 'acquire' of 'thread.lock' objects}
       20    0.000    0.000    0.000    0.000 {method 'add' of 'set' objects}
     6567    0.003    0.000    0.003    0.000 {method 'append' of 'list' objects}
    38605    3.914    0.000    3.914    0.000 {method 'blit' of 'pygame.Surface' objects}
       79    0.002    0.000    0.002    0.000 {method 'close' of 'file' objects}
        1    0.001    0.001    0.001    0.001 {method 'connect' of '_socket.socket' objects}
       17    0.001    0.000    0.001    0.000 {method 'convert' of 'pygame.Surface' objects}
        1    0.000    0.000    0.000    0.000 {method 'disable' of '_lsprof.Profiler' objects}
    14165    0.009    0.000    0.009    0.000 {method 'endswith' of 'str' objects}
       31    0.000    0.000    0.000    0.000 {method 'extend' of 'list' objects}
        1    0.000    0.000    0.000    0.000 {method 'fileno' of '_socket.socket' objects}
    97181    1.440    0.000    1.440    0.000 {method 'fill' of 'pygame.Surface' objects}
       27    0.000    0.000    0.000    0.000 {method 'find' of 'str' objects}
        5    0.000    0.000    0.000    0.000 {method 'find_module' of 'imp.NullImporter' objects}
     1048    0.001    0.000    0.001    0.000 {method 'get' of 'dict' objects}
        1    0.000    0.000    0.000    0.000 {method 'get_rect' of 'pygame.Surface' objects}
      140    0.000    0.000    0.000    0.000 {method 'index' of 'list' objects}
        4    0.000    0.000    0.000    0.000 {method 'insert' of 'list' objects}
       97    0.000    0.000    0.000    0.000 {method 'isalnum' of 'str' objects}
       17    0.000    0.000    0.000    0.000 {method 'isdigit' of 'str' objects}
        8    0.000    0.000    0.000    0.000 {method 'isspace' of 'str' objects}
       32    0.000    0.000    0.000    0.000 {method 'items' of 'dict' objects}
        1    0.000    0.000    0.000    0.000 {method 'iteritems' of 'dict' objects}
      929    0.001    0.000    0.001    0.000 {method 'join' of 'str' objects}
     2776    0.007    0.000    0.007    0.000 {method 'keys' of 'dict' objects}
     3056    0.002    0.000    0.002    0.000 {method 'lower' of 'str' objects}
        1    0.000    0.000    0.000    0.000 {method 'lstrip' of 'str' objects}
       18    0.000    0.000    0.000    0.000 {method 'pop' of 'dict' objects}
        4    0.000    0.000    0.000    0.000 {method 'pop' of 'list' objects}
       78    0.001    0.000    0.001    0.000 {method 'read' of 'file' objects}
        9    0.000    0.000    0.000    0.000 {method 'readline' of 'file' objects}
     4011    0.065    0.000    0.065    0.000 {method 'recv' of '_socket.socket' objects}
        1    0.000    0.000    0.000    0.000 {method 'release' of 'thread.lock' objects}
       37    0.000    0.000    0.000    0.000 {method 'remove' of 'list' objects}
        3    0.000    0.000    0.000    0.000 {method 'remove' of 'set' objects}
      304    0.000    0.000    0.000    0.000 {method 'replace' of 'str' objects}
        9    0.000    0.000    0.000    0.000 {method 'reverse' of 'list' objects}
      772    0.001    0.000    0.001    0.000 {method 'rfind' of 'str' objects}
      170    0.000    0.000    0.000    0.000 {method 'rstrip' of 'str' objects}
       19    0.001    0.000    0.001    0.000 {method 'send' of '_socket.socket' objects}
       17    0.000    0.000    0.000    0.000 {method 'set_colorkey' of 'pygame.Surface' objects}
      688    0.000    0.000    0.000    0.000 {method 'setdefault' of 'dict' objects}
        2    0.000    0.000    0.000    0.000 {method 'setter' of 'property' objects}
     2852    0.003    0.000    0.003    0.000 {method 'split' of 'str' objects}
       78    0.000    0.000    0.000    0.000 {method 'splitlines' of 'str' objects}
    16190    0.011    0.000    0.011    0.000 {method 'startswith' of 'str' objects}
      341    0.000    0.000    0.000    0.000 {method 'strip' of 'str' objects}
      346    0.945    0.003    0.945    0.003 {method 'tick' of 'Clock' objects}
      100    0.000    0.000    0.000    0.000 {method 'translate' of 'str' objects}
       20    0.000    0.000    0.000    0.000 {method 'update' of 'dict' objects}
     1720    0.014    0.000    0.014    0.000 {method 'values' of 'dict' objects}
        1    0.000    0.000    0.000    0.000 {method 'view' of 'numpy.ndarray' objects}
      312    0.000    0.000    0.000    0.000 {min}
       12    0.000    0.000    0.000    0.000 {numpy.core.multiarray.array}
       18    0.000    0.000    0.000    0.000 {numpy.core.multiarray.empty}
        2    0.000    0.000    0.000    0.000 {numpy.core.multiarray.set_string_function}
        1    0.000    0.000    0.000    0.000 {numpy.core.multiarray.set_typeDict}
        1    0.000    0.000    0.000    0.000 {numpy.core.umath.seterrobj}
      240    0.000    0.000    0.000    0.000 {numpy.lib._compiled_base.add_docstring}
       80    0.001    0.000    0.001    0.000 {open}
      148    0.000    0.000    0.000    0.000 {ord}
       68    0.000    0.000    0.000    0.000 {posix.access}
        1    0.000    0.000    0.000    0.000 {posix.close}
       12    0.000    0.000    0.000    0.000 {posix.getcwd}
        2    0.000    0.000    0.000    0.000 {posix.getpid}
       34    0.003    0.000    0.003    0.000 {posix.listdir}
     3859    0.017    0.000    0.017    0.000 {posix.lstat}
        1    0.000    0.000    0.000    0.000 {posix.open}
        1    0.000    0.000    0.000    0.000 {posix.read}
      515    0.004    0.000    0.004    0.000 {posix.stat}
        1    0.000    0.000    0.000    0.000 {posix.uname}
        5    3.190    0.638    3.190    0.638 {pygame.base.init}
      345    1.148    0.003    1.148    0.003 {pygame.display.flip}
        1    0.000    0.000    0.000    0.000 {pygame.display.get_surface}
        2    0.081    0.041    0.349    0.175 {pygame.display.set_mode}
      346    0.015    0.000    0.015    0.000 {pygame.event.poll}
        1    0.000    0.000    0.000    0.000 {pygame.event.set_blocked}
       17    0.003    0.000    0.003    0.000 {pygame.imageext.load_extended}
       16    0.000    0.000    0.000    0.000 {pygame.key.name}
        1    0.000    0.000    0.000    0.000 {pygame.time.Clock}
      947    0.001    0.000    0.001    0.000 {range}
       46    0.000    0.000    0.000    0.000 {repr}
        1    0.000    0.000    0.000    0.000 {select.poll}
       34    0.000    0.000    0.000    0.000 {setattr}
       22    0.000    0.000    0.000    0.000 {sys._getframe}
        1    0.000    0.000    0.000    0.000 {sys.exit}
        3    0.000    0.000    0.000    0.000 {thread.allocate_lock}
        2    0.000    0.000    0.000    0.000 {thread.get_ident}
        2    0.000    0.000    0.000    0.000 {zip}


