         33889104 function calls (33888896 primitive calls) in 104.676 CPU seconds

   Ordered by: standard name

   ncalls  tottime  percall  cumtime  percall filename:lineno(function)
        1    0.000    0.000    0.000    0.000 <string>:1(<module>)
        1    0.000    0.000    0.000    0.000 <string>:1(Match)
        1    0.000    0.000    0.000    0.000 <string>:2(<module>)
        1    0.000    0.000    0.000    0.000 <string>:6(Chebyshev)
        1    0.000    0.000    0.000    0.000 <string>:6(Polynomial)
        1    0.000    0.000    0.000    0.000 ConfigParser.py:112(Error)
        1    0.000    0.000    0.000    0.000 ConfigParser.py:139(NoSectionError)
        1    0.000    0.000    0.000    0.000 ConfigParser.py:146(DuplicateSectionError)
        1    0.000    0.000    0.000    0.000 ConfigParser.py:153(NoOptionError)
        1    0.000    0.000    0.000    0.000 ConfigParser.py:162(InterpolationError)
        1    0.000    0.000    0.000    0.000 ConfigParser.py:170(InterpolationMissingOptionError)
        1    0.000    0.000    0.000    0.000 ConfigParser.py:183(InterpolationSyntaxError)
        1    0.000    0.000    0.000    0.000 ConfigParser.py:187(InterpolationDepthError)
        1    0.000    0.000    0.000    0.000 ConfigParser.py:198(ParsingError)
        1    0.000    0.000    0.000    0.000 ConfigParser.py:210(MissingSectionHeaderError)
        1    0.000    0.000    0.003    0.003 ConfigParser.py:223(RawConfigParser)
        1    0.000    0.000    0.000    0.000 ConfigParser.py:224(__init__)
        1    0.000    0.000    0.001    0.001 ConfigParser.py:277(read)
        2    0.000    0.000    0.000    0.000 ConfigParser.py:347(_get)
        2    0.000    0.000    0.000    0.000 ConfigParser.py:350(getint)
        9    0.000    0.000    0.000    0.000 ConfigParser.py:365(optionxform)
        1    0.000    0.000    0.001    0.001 ConfigParser.py:456(_read)
        1    0.000    0.000    0.000    0.000 ConfigParser.py:550(_Chainmap)
        4    0.000    0.000    0.000    0.000 ConfigParser.py:559(__init__)
        4    0.000    0.000    0.000    0.000 ConfigParser.py:562(__getitem__)
        1    0.000    0.000    0.001    0.001 ConfigParser.py:580(ConfigParser)
        4    0.000    0.000    0.000    0.000 ConfigParser.py:582(get)
        1    0.000    0.000    0.000    0.000 ConfigParser.py:617(items)
        5    0.000    0.000    0.000    0.000 ConfigParser.py:649(_interpolate)
        1    0.000    0.000    0.000    0.000 ConfigParser.py:678(SafeConfigParser)
        1    0.000    0.000    0.005    0.005 ConfigParser.py:88(<module>)
        1    0.001    0.001    0.004    0.004 Queue.py:1(<module>)
        1    0.000    0.000    0.000    0.000 Queue.py:13(Empty)
        1    0.000    0.000    0.000    0.000 Queue.py:17(Full)
        1    0.000    0.000    0.000    0.000 Queue.py:21(Queue)
        1    0.000    0.000    0.000    0.000 Queue.py:212(PriorityQueue)
        1    0.000    0.000    0.000    0.000 Queue.py:231(LifoQueue)
        1    0.000    0.000    0.000    0.000 StringIO.py:30(<module>)
        1    0.000    0.000    0.000    0.000 StringIO.py:42(StringIO)
        1    0.000    0.000    0.000    0.000 UserDict.py:4(__init__)
        1    0.000    0.000    0.000    0.000 UserDict.py:58(get)
        2    0.000    0.000    0.000    0.000 UserDict.py:70(__contains__)
        1    0.000    0.000    0.000    0.000 __config__.py:3(<module>)
        1    0.000    0.000    0.000    0.000 __future__.py:48(<module>)
        1    0.000    0.000    0.000    0.000 __future__.py:74(_Feature)
        7    0.000    0.000    0.000    0.000 __future__.py:75(__init__)
        5    0.002    0.000    0.032    0.006 __init__.py:1(<module>)
        1    0.000    0.000    0.000    0.000 __init__.py:10(<module>)
        1    0.000    0.000    0.000    0.000 __init__.py:1036(_fixupParents)
        3    0.000    0.000    0.000    0.000 __init__.py:104(CFunctionType)
        1    0.002    0.002    0.063    0.063 __init__.py:106(<module>)
        1    0.000    0.000    0.000    0.000 __init__.py:1077(Logger)
        2    0.000    0.000    0.000    0.000 __init__.py:1092(__init__)
        1    0.000    0.000    0.000    0.000 __init__.py:1104(setLevel)
        1    0.000    0.000    0.000    0.000 __init__.py:1262(addHandler)
        1    0.000    0.000    0.000    0.000 __init__.py:1351(RootLogger)
        1    0.000    0.000    0.000    0.000 __init__.py:1357(__init__)
        1    0.000    0.000    0.000    0.000 __init__.py:1365(LoggerAdapter)
       14    0.000    0.000    0.000    0.000 __init__.py:147(_check_size)
        1    0.000    0.000    0.000    0.000 __init__.py:1471(basicConfig)
        1    0.001    0.001    0.010    0.010 __init__.py:15(<module>)
        1    0.000    0.000    0.000    0.000 __init__.py:152(WorkerQueue)
        1    0.000    0.000    0.000    0.000 __init__.py:1531(getLogger)
        1    0.000    0.000    0.000    0.000 __init__.py:159(py_object)
        2    0.000    0.000    0.001    0.000 __init__.py:16(<module>)
        1    0.000    0.000    0.000    0.000 __init__.py:1649(NullHandler)
        1    0.000    0.000    0.000    0.000 __init__.py:168(c_short)
        1    0.000    0.000    0.000    0.000 __init__.py:172(c_ushort)
        1    0.000    0.000    0.000    0.000 __init__.py:176(c_long)
        1    0.000    0.000    0.000    0.000 __init__.py:180(c_ulong)
        4    0.000    0.000    0.000    0.000 __init__.py:182(_checkLevel)
        1    0.000    0.000    0.000    0.000 __init__.py:197(c_float)
        2    0.004    0.002    0.021    0.011 __init__.py:2(<module>)
        1    0.000    0.000    0.000    0.000 __init__.py:20(levelManager)
        1    0.000    0.000    0.000    0.000 __init__.py:201(c_double)
        1    0.000    0.000    0.000    0.000 __init__.py:205(c_longdouble)
        1    0.000    0.000    0.028    0.028 __init__.py:21(__init__)
        1    0.000    0.000    0.000    0.000 __init__.py:210(FuncResult)
        4    0.000    0.000    0.000    0.000 __init__.py:210(_acquireLock)
        1    0.000    0.000    0.000    0.000 __init__.py:215(c_longlong)
        4    0.000    0.000    0.000    0.000 __init__.py:219(_releaseLock)
        1    0.000    0.000    0.000    0.000 __init__.py:219(c_ulonglong)
        1    0.000    0.000    0.000    0.000 __init__.py:226(c_ubyte)
        1    0.000    0.000    0.000    0.000 __init__.py:230(LogRecord)
        1    0.000    0.000    0.000    0.000 __init__.py:233(c_byte)
        1    0.000    0.000    0.000    0.000 __init__.py:238(c_char)
        2    0.001    0.001    0.007    0.003 __init__.py:24(<module>)
        1    0.000    0.000    0.000    0.000 __init__.py:243(c_char_p)
        1    0.013    0.013    0.084    0.084 __init__.py:25(<module>)
        1    0.000    0.000    0.000    0.000 __init__.py:255(c_void_p)
        1    0.000    0.000    0.000    0.000 __init__.py:260(c_bool)
        1    0.000    0.000    0.000    0.000 __init__.py:275(c_wchar_p)
        1    0.000    0.000    0.000    0.000 __init__.py:278(c_wchar)
        1    0.000    0.000    0.000    0.000 __init__.py:320(CDLL)
        1    0.000    0.000    0.000    0.000 __init__.py:337(__init__)
        1    0.000    0.000    0.000    0.000 __init__.py:346(Formatter)
        1    0.000    0.000    0.000    0.000 __init__.py:347(_FuncPtr)
        1    0.000    0.000    0.000    0.000 __init__.py:376(PyDLL)
        1    0.003    0.003    0.006    0.006 __init__.py:38(<module>)
        2    0.000    0.000    0.000    0.000 __init__.py:390(__init__)
        1    0.002    0.002    0.003    0.003 __init__.py:4(<module>)
        1    0.000    0.000    0.000    0.000 __init__.py:416(LibraryLoader)
        2    0.000    0.000    0.000    0.000 __init__.py:417(__init__)
        1    0.000    0.000    0.001    0.001 __init__.py:44(<module>)
        1    0.001    0.001    0.008    0.008 __init__.py:45(<module>)
        1    0.000    0.000    0.000    0.000 __init__.py:46(MissingModule)
        3    0.000    0.000    0.000    0.000 __init__.py:483(PYFUNCTYPE)
        3    0.000    0.000    0.000    0.000 __init__.py:484(CFunctionType)
        1    0.000    0.000    0.000    0.000 __init__.py:49(normalize_encoding)
        1    0.000    0.000    0.000    0.000 __init__.py:490(BufferingFormatter)
        1    0.000    0.000    0.000    0.000 __init__.py:532(Filter)
        1    0.000    0.000    0.000    0.000 __init__.py:569(Filterer)
        3    0.000    0.000    0.000    0.000 __init__.py:574(__init__)
        1    0.001    0.001    0.009    0.009 __init__.py:6(<module>)
        1    0.000    0.000    0.000    0.000 __init__.py:631(_addHandlerRef)
        1    0.000    0.000    0.000    0.000 __init__.py:641(Handler)
        1    0.000    0.000    0.000    0.000 __init__.py:650(__init__)
        1    0.000    0.000    0.000    0.000 __init__.py:679(createLock)
        1    0.000    0.000    0.000    0.000 __init__.py:71(search_function)
        1    0.000    0.000    0.000    0.000 __init__.py:749(setFormatter)
        3    0.000    0.000    0.000    0.000 __init__.py:78(CFUNCTYPE)
        1    0.000    0.000    0.000    0.000 __init__.py:805(StreamHandler)
        1    0.000    0.000    0.000    0.000 __init__.py:812(__init__)
        1    0.001    0.001    0.001    0.001 __init__.py:84(<module>)
        1    0.000    0.000    0.000    0.000 __init__.py:872(FileHandler)
        1    0.000    0.000    0.000    0.000 __init__.py:876(__init__)
        1    0.001    0.001    0.005    0.005 __init__.py:9(<module>)
        1    0.000    0.000    0.000    0.000 __init__.py:906(_open)
        1    0.000    0.000    0.000    0.000 __init__.py:932(PlaceHolder)
        1    0.000    0.000    0.000    0.000 __init__.py:938(__init__)
        1    0.000    0.000    0.000    0.000 __init__.py:979(Manager)
        1    0.000    0.000    0.000    0.000 __init__.py:984(__init__)
        1    0.000    0.000    0.000    0.000 __init__.py:994(getLogger)
        1    0.000    0.000    0.000    0.000 _abcoll.py:365(keys)
        4    0.000    0.000    0.000    0.000 _abcoll.py:368(items)
        1    0.000    0.000    0.000    0.000 _abcoll.py:371(values)
        7    0.000    0.000    0.000    0.000 _abcoll.py:483(update)
        4    0.000    0.000    0.000    0.000 _abcoll.py:97(__subclasshook__)
        1    0.000    0.000    0.000    0.000 _datasource.py:148(DataSource)
        1    0.001    0.001    0.001    0.001 _datasource.py:33(<module>)
        1    0.000    0.000    0.000    0.000 _datasource.py:47(_FileOpeners)
        1    0.000    0.000    0.000    0.000 _datasource.py:482(Repository)
        1    0.000    0.000    0.000    0.000 _datasource.py:70(__init__)
        1    0.000    0.000    0.000    0.000 _endian.py:22(_swapped_meta)
        1    0.000    0.000    0.000    0.000 _endian.py:4(<module>)
        1    0.000    0.000    0.000    0.000 _endian.py:45(BigEndianStructure)
        1    0.000    0.000    0.000    0.000 _import_tools.py:1(<module>)
        1    0.000    0.000    0.000    0.000 _import_tools.py:334(PackageLoaderDebug)
        1    0.000    0.000    0.000    0.000 _import_tools.py:6(PackageLoader)
       37    0.000    0.000    0.000    0.000 _inspect.py:118(getargspec)
       37    0.000    0.000    0.000    0.000 _inspect.py:13(ismethod)
       75    0.000    0.000    0.000    0.000 _inspect.py:150(strseq)
       29    0.000    0.000    0.000    0.000 _inspect.py:157(formatargspec)
        1    0.000    0.000    0.000    0.000 _inspect.py:160(<lambda>)
       43    0.000    0.000    0.000    0.000 _inspect.py:161(<lambda>)
       37    0.000    0.000    0.000    0.000 _inspect.py:24(isfunction)
       29    0.000    0.000    0.000    0.000 _inspect.py:37(iscode)
       29    0.000    0.000    0.000    0.000 _inspect.py:59(getargs)
        1    0.000    0.000    0.000    0.000 _inspect.py:6(<module>)
        1    0.000    0.000    0.000    0.000 _internal.py:210(_getintp_ctype)
        1    0.000    0.000    0.000    0.000 _internal.py:231(_missing_ctypes)
        1    0.000    0.000    0.000    0.000 _internal.py:238(_ctypes)
        1    0.000    0.000    0.002    0.002 _internal.py:4(<module>)
        1    0.000    0.000    0.000    0.000 _iotools.py:1(<module>)
        1    0.000    0.000    0.000    0.000 _iotools.py:145(LineSplitter)
        1    0.000    0.000    0.000    0.000 _iotools.py:231(NameValidator)
        1    0.000    0.000    0.000    0.000 _iotools.py:423(ConverterError)
        1    0.000    0.000    0.000    0.000 _iotools.py:430(ConverterLockError)
        1    0.000    0.000    0.000    0.000 _iotools.py:437(ConversionWarning)
        1    0.000    0.000    0.000    0.000 _iotools.py:451(StringConverter)
        1    0.000    0.000    0.000    0.000 _numpysndarray.py:34(<module>)
        1    0.001    0.001    0.063    0.063 _numpysurfarray.py:45(<module>)
        4    0.000    0.000    0.000    0.000 _weakrefset.py:16(__init__)
        4    0.000    0.000    0.000    0.000 _weakrefset.py:20(__enter__)
        4    0.000    0.000    0.000    0.000 _weakrefset.py:26(__exit__)
        2    0.000    0.000    0.000    0.000 _weakrefset.py:36(__init__)
        4    0.000    0.000    0.000    0.000 _weakrefset.py:52(_commit_removals)
        7    0.000    0.000    0.000    0.000 _weakrefset.py:58(__iter__)
       31    0.000    0.000    0.000    0.000 _weakrefset.py:68(__contains__)
        4    0.000    0.000    0.000    0.000 _weakrefset.py:77(add)
        7    0.000    0.000    0.000    0.000 abc.py:128(__instancecheck__)
    17/15    0.000    0.000    0.000    0.000 abc.py:148(__subclasscheck__)
        1    0.000    0.000    0.038    0.038 add_newdocs.py:9(<module>)
        1    0.000    0.000    0.000    0.000 arrayprint.py:384(FloatFormat)
        1    0.000    0.000    0.001    0.001 arrayprint.py:4(<module>)
        1    0.000    0.000    0.000    0.000 arrayprint.py:510(ComplexFormat)
        1    0.000    0.000    0.001    0.001 arraysetops.py:30(<module>)
        1    0.000    0.000    0.000    0.000 arrayterator.py:21(Arrayterator)
        1    0.000    0.000    0.000    0.000 arrayterator.py:9(<module>)
        1    0.000    0.000    0.000    0.000 ascii.py:13(Codec)
        1    0.000    0.000    0.000    0.000 ascii.py:20(IncrementalEncoder)
        1    0.000    0.000    0.000    0.000 ascii.py:24(IncrementalDecoder)
        1    0.000    0.000    0.000    0.000 ascii.py:28(StreamWriter)
        1    0.000    0.000    0.000    0.000 ascii.py:31(StreamReader)
        1    0.000    0.000    0.000    0.000 ascii.py:34(StreamConverter)
        1    0.000    0.000    0.000    0.000 ascii.py:41(getregentry)
        1    0.000    0.000    0.000    0.000 ascii.py:8(<module>)
        3    0.000    0.000    0.000    0.000 atexit.py:37(register)
        1    0.000    0.000    0.000    0.000 atexit.py:6(<module>)
        1    0.000    0.000    0.000    0.000 base.py:100(entity)
       35    0.000    0.000    0.001    0.000 base.py:101(__init__)
        2    0.000    0.000    0.000    0.000 base.py:113(moveup)
        2    0.000    0.000    0.000    0.000 base.py:120(movedown)
        6    0.000    0.000    0.000    0.000 base.py:127(moveleft)
       10    0.000    0.000    0.000    0.000 base.py:134(moveright)
        1    0.000    0.000    0.000    0.000 base.py:141(attack)
      119    0.002    0.000    0.014    0.000 base.py:153(update)
        1    0.001    0.001    3.101    3.101 base.py:16(<module>)
        1    0.000    0.000    0.000    0.000 base.py:171(copyableGroup)
    28330    1.723    0.000    4.045    0.000 base.py:173(serialize)
        1    0.000    0.000    0.000    0.000 base.py:23(drawnObject)
      874    0.003    0.000    0.005    0.000 base.py:25(__init__)
   997403    1.638    0.000    1.638    0.000 base.py:31(serialize)
        2    0.000    0.000    0.000    0.000 base.py:33(load)
        1    0.000    0.000    0.000    0.000 base.py:48(floor)
      520    0.001    0.000    0.004    0.000 base.py:49(__init__)
        1    0.000    0.000    0.000    0.000 base.py:51(woodFloor)
      520    0.001    0.000    0.005    0.000 base.py:52(__init__)
        1    0.000    0.000    0.000    0.000 base.py:55(physicalObject)
      354    0.001    0.000    0.003    0.000 base.py:56(__init__)
        1    0.000    0.000    0.000    0.000 base.py:61(block)
      319    0.001    0.000    0.003    0.000 base.py:62(__init__)
        1    0.000    0.000    0.000    0.000 base.py:64(stone)
      314    0.001    0.000    0.003    0.000 base.py:65(__init__)
        1    0.000    0.000    0.000    0.000 base.py:68(stairsUp)
        2    0.000    0.000    0.000    0.000 base.py:69(__init__)
        1    0.000    0.000    0.000    0.000 base.py:79(stairsDown)
        3    0.000    0.000    0.000    0.000 base.py:80(__init__)
        1    0.000    0.000    0.000    0.000 base.py:84(hit)
        1    0.000    0.000    0.000    0.000 base.py:89(stairsWarp)
        1    0.000    0.000    0.000    0.000 bisect.py:1(<module>)
        1    0.003    0.003    0.004    0.004 case.py:1(<module>)
        1    0.000    0.000    0.000    0.000 case.py:1007(FunctionTestCase)
        1    0.000    0.000    0.000    0.000 case.py:130(TestCase)
        1    0.000    0.000    0.000    0.000 case.py:22(SkipTest)
        1    0.000    0.000    0.000    0.000 case.py:31(_ExpectedFailure)
        1    0.000    0.000    0.000    0.000 case.py:42(_UnexpectedSuccess)
        7    0.000    0.000    0.000    0.000 case.py:597(_deprecate)
        1    0.000    0.000    0.000    0.000 case.py:95(_AssertRaisesContext)
        1    0.003    0.003    0.005    0.005 chebyshev.py:77(<module>)
        1    0.000    0.000    0.000    0.000 codecs.py:77(__new__)
        1    0.001    0.001    0.002    0.002 collections.py:1(<module>)
        1    0.000    0.000    0.000    0.000 collections.py:194(copy)
        1    0.000    0.000    0.000    0.000 collections.py:20(_recursive_repr)
        1    0.001    0.001    0.001    0.001 collections.py:224(namedtuple)
       15    0.000    0.000    0.000    0.000 collections.py:264(<genexpr>)
        4    0.000    0.000    0.000    0.000 collections.py:281(<genexpr>)
        1    0.000    0.000    0.000    0.000 collections.py:342(Counter)
        1    0.000    0.000    0.000    0.000 collections.py:46(OrderedDict)
        6    0.000    0.000    0.000    0.000 collections.py:58(__init__)
       18    0.000    0.000    0.000    0.000 collections.py:76(__setitem__)
       23    0.000    0.000    0.000    0.000 collections.py:97(__iter__)
        1    0.000    0.000    0.000    0.000 colordict.py:21(<module>)
        1    0.000    0.000    0.000    0.000 compat.py:1(<module>)
        1    0.000    0.000    0.000    0.000 copy.py:113(_copy_with_constructor)
        1    0.000    0.000    0.000    0.000 copy.py:66(copy)
        2    0.000    0.000    0.000    0.000 copy_reg.py:14(pickle)
        2    0.000    0.000    0.000    0.000 copy_reg.py:27(constructor)
        1    0.000    0.000    0.000    0.000 core.py:1025(_DomainedBinaryOperation)
        6    0.000    0.000    0.000    0.000 core.py:1045(__init__)
       37    0.000    0.000    0.001    0.000 core.py:106(get_object_signature)
        1    0.000    0.000    0.000    0.000 core.py:125(MAError)
        1    0.000    0.000    0.000    0.000 core.py:128(MaskError)
        1    0.001    0.001    0.003    0.003 core.py:21(<module>)
        1    0.000    0.000    0.000    0.000 core.py:2250(_MaskedPrintOption)
        1    0.000    0.000    0.000    0.000 core.py:2255(__init__)
        1    0.000    0.000    0.000    0.000 core.py:2399(_arraymethod)
        9    0.000    0.000    0.000    0.000 core.py:2428(__init__)
        9    0.000    0.000    0.000    0.000 core.py:2434(getdoc)
        4    0.000    0.000    0.000    0.000 core.py:2441(__get__)
        1    0.000    0.000    0.000    0.000 core.py:2469(MaskedIterator)
        1    0.000    0.000    0.000    0.000 core.py:2572(MaskedArray)
        1    0.000    0.000    0.000    0.000 core.py:5521(mvoid)
        1    0.000    0.000    0.000    0.000 core.py:5711(MaskedConstant)
        1    0.000    0.000    0.000    0.000 core.py:5717(__new__)
        1    0.000    0.000    0.000    0.000 core.py:5720(__array_finalize__)
        1    0.000    0.000    0.000    0.000 core.py:5815(_extrema_operation)
        1    0.000    0.000    0.000    0.000 core.py:5870(_minimum_operation)
        1    0.000    0.000    0.000    0.000 core.py:5872(__init__)
        1    0.000    0.000    0.000    0.000 core.py:5882(_maximum_operation)
        1    0.000    0.000    0.000    0.000 core.py:5884(__init__)
        1    0.000    0.000    0.000    0.000 core.py:5926(_frommethod)
       23    0.000    0.000    0.001    0.000 core.py:5936(__init__)
       23    0.000    0.000    0.001    0.000 core.py:5940(getdoc)
        1    0.000    0.000    0.000    0.000 core.py:7137(_convert2ma)
        8    0.000    0.000    0.000    0.000 core.py:7149(__init__)
        8    0.000    0.000    0.000    0.000 core.py:7154(getdoc)
        1    0.000    0.000    0.000    0.000 core.py:723(_DomainCheckInterval)
        3    0.000    0.000    0.000    0.000 core.py:731(__init__)
        1    0.000    0.000    0.000    0.000 core.py:745(_DomainTan)
        1    0.000    0.000    0.000    0.000 core.py:751(__init__)
        1    0.000    0.000    0.000    0.000 core.py:761(_DomainSafeDivide)
        6    0.000    0.000    0.000    0.000 core.py:763(__init__)
        1    0.000    0.000    0.000    0.000 core.py:776(_DomainGreater)
        3    0.000    0.000    0.000    0.000 core.py:778(__init__)
        1    0.000    0.000    0.000    0.000 core.py:788(_DomainGreaterEqual)
        2    0.000    0.000    0.000    0.000 core.py:790(__init__)
        1    0.000    0.000    0.000    0.000 core.py:799(_MaskedUnaryOperation)
       26    0.000    0.000    0.000    0.000 core.py:816(__init__)
        1    0.000    0.000    0.000    0.000 core.py:881(_MaskedBinaryOperation)
        4    0.000    0.000    0.000    0.000 core.py:89(doc_note)
       18    0.000    0.000    0.000    0.000 core.py:900(__init__)
        1    0.000    0.000    0.000    0.000 ctypeslib.py:144(_ndptr)
       12    0.000    0.000    0.000    0.000 ctypeslib.py:297(prep_simple)
        1    0.001    0.001    0.004    0.004 ctypeslib.py:51(<module>)
        1    0.000    0.000    0.000    0.000 cursors.py:32(<module>)
        1    0.001    0.001    0.007    0.007 db.py:16(<module>)
        1    0.000    0.000    0.000    0.000 db.py:21(entityDBWrapper)
        2    0.000    0.000    0.000    0.000 db.py:22(__init__)
        2    0.000    0.000    0.001    0.001 db.py:25(fetchEntity)
        2    0.000    0.000    0.226    0.113 db.py:33(saveEntity)
        1    0.005    0.005    0.005    0.005 dbapi2.py:24(<module>)
        1    0.000    0.000    0.000    0.000 dbapi2.py:55(register_adapters_and_converters)
        1    0.001    0.001    0.001    0.001 decorators.py:15(<module>)
        1    0.000    0.000    0.000    0.000 defchararray.py:1695(chararray)
        1    0.000    0.000    0.000    0.000 defchararray.py:17(<module>)
        1    0.001    0.001    0.001    0.001 defmatrix.py:1(<module>)
        1    0.000    0.000    0.000    0.000 defmatrix.py:195(matrix)
        1    0.000    0.000    0.000    0.000 difflib.py:1639(HtmlDiff)
        1    0.000    0.000    0.001    0.001 difflib.py:29(<module>)
        1    0.000    0.000    0.000    0.000 difflib.py:46(SequenceMatcher)
        1    0.000    0.000    0.000    0.000 difflib.py:766(Differ)
        1    0.000    0.000    0.000    0.000 errors.py:16(<module>)
        1    0.000    0.000    0.000    0.000 errors.py:16(coreError)
        1    0.000    0.000    0.000    0.000 errors.py:17(serverError)
        1    0.000    0.000    0.000    0.000 errors.py:18(drawError)
        1    0.000    0.000    0.000    0.000 errors.py:19(configError)
        1    0.000    0.000    0.000    0.000 errors.py:20(invalidRequestError)
        1    0.000    0.000    0.000    0.000 errors.py:21(netError)
        1    0.000    0.000    0.000    0.000 errors.py:22(dbError)
        1    0.000    0.000    0.000    0.000 extras.py:10(<module>)
        1    0.000    0.000    0.000    0.000 extras.py:1465(MAxisConcatenator)
        1    0.000    0.000    0.000    0.000 extras.py:1477(__init__)
        1    0.000    0.000    0.000    0.000 extras.py:1531(mr_class)
        1    0.000    0.000    0.000    0.000 extras.py:1547(__init__)
        1    0.000    0.000    0.000    0.000 extras.py:223(_fromnxfunction)
        6    0.000    0.000    0.000    0.000 extras.py:240(__init__)
        6    0.000    0.000    0.000    0.000 extras.py:244(getdoc)
        1    0.000    0.000    0.000    0.000 fftpack.py:32(<module>)
        1    0.000    0.000    0.000    0.000 financial.py:8(<module>)
        1    0.000    0.000    0.000    0.000 floor1.py:16(<module>)
        1    0.000    0.000    0.000    0.000 floor1.py:19(lvl)
        1    0.000    0.000    0.002    0.002 floor1.py:20(__init__)
        1    0.000    0.000    0.000    0.000 floor2.py:16(<module>)
        1    0.000    0.000    0.000    0.000 floor2.py:19(lvl)
        1    0.000    0.000    0.000    0.000 fnmatch.py:11(<module>)
        1    0.000    0.000    0.000    0.000 format.py:136(<module>)
        1    0.000    0.000    0.000    0.000 fromnumeric.py:2(<module>)
        2    0.001    0.000    0.002    0.001 function_base.py:1(<module>)
        1    0.000    0.000    0.000    0.000 function_base.py:1704(vectorize)
      243    0.006    0.000    0.007    0.000 function_base.py:3122(add_newdoc)
        3    0.000    0.000    0.000    0.000 functools.py:17(update_wrapper)
        3    0.000    0.000    0.000    0.000 functools.py:39(wraps)
        1    0.000    0.000    0.000    0.000 getlimits.py:176(iinfo)
        1    0.000    0.000    0.000    0.000 getlimits.py:2(<module>)
        1    0.000    0.000    0.000    0.000 getlimits.py:22(finfo)
        1    0.000    0.000    0.000    0.000 hashlib.py:55(<module>)
        6    0.000    0.000    0.000    0.000 hashlib.py:91(__get_openssl_constructor)
        1    0.001    0.001    0.001    0.001 heapq.py:31(<module>)
        1    0.000    0.000    0.000    0.000 helper.py:3(<module>)
        1    0.001    0.001    0.004    0.004 index_tricks.py:1(<module>)
        1    0.000    0.000    0.000    0.000 index_tricks.py:142(nd_grid)
        2    0.000    0.000    0.000    0.000 index_tricks.py:202(__init__)
        1    0.000    0.000    0.000    0.000 index_tricks.py:270(AxisConcatenator)
        3    0.000    0.000    0.000    0.000 index_tricks.py:288(__init__)
        1    0.000    0.000    0.000    0.000 index_tricks.py:397(RClass)
        1    0.000    0.000    0.000    0.000 index_tricks.py:491(__init__)
        1    0.000    0.000    0.000    0.000 index_tricks.py:496(CClass)
        1    0.000    0.000    0.000    0.000 index_tricks.py:513(__init__)
        1    0.000    0.000    0.000    0.000 index_tricks.py:518(ndenumerate)
        1    0.000    0.000    0.000    0.000 index_tricks.py:565(ndindex)
        1    0.000    0.000    0.000    0.000 index_tricks.py:660(IndexExpression)
        2    0.000    0.000    0.000    0.000 index_tricks.py:703(__init__)
        1    0.000    0.000    0.000    0.000 info.py:147(<module>)
        1    0.000    0.000    0.000    0.000 info.py:171(<module>)
        1    0.000    0.000    0.000    0.000 info.py:34(<module>)
        1    0.000    0.000    0.000    0.000 info.py:83(<module>)
        1    0.000    0.000    0.000    0.000 info.py:84(<module>)
        1    0.000    0.000    0.000    0.000 keyword.py:11(<module>)
        1    0.000    0.000    0.000    0.000 level.py:16(<module>)
        1    0.000    0.000    0.000    0.000 level.py:23(levelManager)
        1    0.000    0.000    0.000    0.000 level.py:24(__init__)
  3490895    6.690    0.000    9.713    0.000 level.py:37(ev_update)
        4    0.000    0.000    0.000    0.000 level.py:47(ev_getLevel)
        1    0.000    0.000    0.000    0.000 level.py:49(ev_switchLevel)
        3    0.000    0.000    0.000    0.000 level.py:53(ev_spawnEntity)
        1    0.000    0.000    0.000    0.000 level.py:58(level)
        3    0.000    0.000    0.000    0.000 level.py:60(__init__)
        3    0.005    0.002    0.022    0.007 level.py:77(loadLevel)
        1    0.001    0.001    0.001    0.001 linalg.py:10(<module>)
        1    0.000    0.000    0.000    0.000 linalg.py:37(LinAlgError)
        1    0.000    0.000    0.001    0.001 loader.py:1(<module>)
        1    0.000    0.000    0.000    0.000 loader.py:38(TestLoader)
        1    0.000    0.000    0.000    0.000 machar.py:15(MachAr)
        1    0.000    0.000    0.000    0.000 machar.py:4(<module>)
        1    0.000    0.000    0.000    0.000 main.py:1(<module>)
        1    0.000    0.000    0.000    0.000 main.py:63(TestProgram)
        1    0.000    0.000    0.000    0.000 memmap.py:1(<module>)
        1    0.000    0.000    0.000    0.000 memmap.py:20(memmap)
        1    0.000    0.000    0.000    0.000 movementmanager.py:16(<module>)
        1    0.000    0.000    0.000    0.000 movementmanager.py:22(movementmanager)
        2    0.000    0.000    0.000    0.000 movementmanager.py:23(__init__)
        5    0.000    0.000    0.000    0.000 movementmanager.py:31(ev_distLevel)
        2    0.000    0.000    0.000    0.000 movementmanager.py:44(ev_up)
        2    0.000    0.000    0.000    0.000 movementmanager.py:47(ev_down)
        6    0.000    0.000    0.000    0.000 movementmanager.py:50(ev_left)
       10    0.000    0.000    0.000    0.000 movementmanager.py:53(ev_right)
        1    0.000    0.000    0.000    0.000 movementmanager.py:56(ev_attack)
        1    0.000    0.000    0.000    0.000 nosetester.py:109(NoseTester)
       19    0.000    0.000    0.000    0.000 nosetester.py:138(__init__)
        1    0.000    0.000    0.000    0.000 nosetester.py:6(<module>)
        3    0.000    0.000    0.000    0.000 nosetester.py:82(_docmethod)
        1    0.001    0.001    0.002    0.002 npyio.py:1(<module>)
        1    0.000    0.000    0.000    0.000 npyio.py:113(NpzFile)
        1    0.000    0.000    0.000    0.000 npyio.py:74(BagObj)
        1    0.002    0.002    0.003    0.003 numeric.py:1(<module>)
        2    0.000    0.000    0.000    0.000 numeric.py:1426(set_string_function)
        3    0.000    0.000    0.000    0.000 numeric.py:177(extend_all)
        1    0.000    0.000    0.000    0.000 numeric.py:2378(_unspecified)
        1    0.000    0.000    0.000    0.000 numeric.py:2382(errstate)
        1    0.000    0.000    0.000    0.000 numeric.py:2456(_setdef)
        1    0.000    0.000    0.000    0.000 numeric.py:36(ComplexWarning)
       66    0.000    0.000    0.000    0.000 numerictypes.py:125(english_lower)
       34    0.000    0.000    0.000    0.000 numerictypes.py:152(english_upper)
       11    0.000    0.000    0.000    0.000 numerictypes.py:179(english_capitalize)
       18    0.000    0.000    0.000    0.000 numerictypes.py:214(_evalname)
       23    0.000    0.000    0.000    0.000 numerictypes.py:227(bitname)
        1    0.000    0.000    0.000    0.000 numerictypes.py:279(_add_types)
        1    0.000    0.000    0.000    0.000 numerictypes.py:295(_add_aliases)
        1    0.000    0.000    0.000    0.000 numerictypes.py:336(_add_integer_aliases)
        1    0.000    0.000    0.000    0.000 numerictypes.py:377(_set_up_aliases)
        1    0.000    0.000    0.000    0.000 numerictypes.py:426(_construct_char_code_lookup)
       30    0.000    0.000    0.000    0.000 numerictypes.py:441(_add_array_type)
        1    0.000    0.000    0.000    0.000 numerictypes.py:449(_set_array_types)
        1    0.000    0.000    0.000    0.000 numerictypes.py:688(_typedict)
        1    0.000    0.000    0.000    0.000 numerictypes.py:703(_construct_lookups)
        1    0.000    0.000    0.002    0.002 numerictypes.py:83(<module>)
        1    0.000    0.000    0.000    0.000 numpytest.py:1(<module>)
        1    0.000    0.000    0.000    0.000 numpytest.py:10(IgnoreException)
        1    0.000    0.000    0.000    0.000 os.py:35(_get_exports_list)
        1    0.000    0.000    0.000    0.000 os.py:743(urandom)
        1    0.000    0.000    0.000    0.000 pit.py:16(<module>)
        1    0.000    0.000    0.000    0.000 pit.py:17(pitwall)
        1    0.000    0.000    0.000    0.000 pit.py:21(pitcreature)
       33    0.000    0.000    0.001    0.000 pit.py:22(__init__)
    32769    0.033    0.000    0.033    0.000 pit.py:28(update)
        1    0.000    0.000    0.000    0.000 pit.py:42(pittooth)
       33    0.000    0.000    0.001    0.000 pit.py:43(__init__)
        1    0.000    0.000    0.000    0.000 polynomial.py:19(RankWarning)
        1    0.000    0.000    0.002    0.002 polynomial.py:3(<module>)
        1    0.004    0.004    0.005    0.005 polynomial.py:48(<module>)
        1    0.000    0.000    0.000    0.000 polynomial.py:901(poly1d)
        1    0.000    0.000    0.000    0.000 polytemplate.py:11(<module>)
        1    0.000    0.000    0.000    0.000 polyutils.py:33(<module>)
        1    0.000    0.000    0.000    0.000 polyutils.py:48(RankWarning)
        1    0.000    0.000    0.000    0.000 polyutils.py:52(PolyError)
        1    0.000    0.000    0.000    0.000 polyutils.py:56(PolyDomainError)
        1    0.000    0.000    0.000    0.000 polyutils.py:69(PolyBase)
       19    0.000    0.000    0.000    0.000 posixpath.py:118(dirname)
        2    0.000    0.000    0.000    0.000 posixpath.py:312(normpath)
        2    0.000    0.000    0.000    0.000 posixpath.py:341(abspath)
        1    0.000    0.000    0.000    0.000 posixpath.py:43(normcase)
        2    0.000    0.000    0.000    0.000 posixpath.py:51(isabs)
        5    0.000    0.000    0.000    0.000 posixpath.py:60(join)
        1    0.000    0.000    0.000    0.000 pprint.py:35(<module>)
        1    0.000    0.000    0.000    0.000 pprint.py:81(PrettyPrinter)
        1    0.000    0.000    0.000    0.000 py3k.py:4(<module>)
        1    0.000    0.000    0.000    0.000 randlev.py:1(<module>)
        2    0.000    0.000    0.026    0.013 randlev.py:14(loadLevel)
        1    0.000    0.000    0.000    0.000 randlev.py:4(randLevel)
        2    0.000    0.000    0.026    0.013 randlev.py:5(__init__)
       40    0.001    0.000    0.002    0.000 randlev.py:50(generateRoom)
  250/200    0.001    0.000    0.004    0.000 randlev.py:60(joinRoom)
        1    0.000    0.000    0.000    0.000 random.py:100(seed)
      674    0.002    0.000    0.003    0.000 random.py:173(randrange)
      674    0.001    0.000    0.004    0.000 random.py:237(randint)
        1    0.001    0.001    0.001    0.001 random.py:40(<module>)
        1    0.000    0.000    0.000    0.000 random.py:647(WichmannHill)
        1    0.000    0.000    0.000    0.000 random.py:72(Random)
        1    0.000    0.000    0.000    0.000 random.py:797(SystemRandom)
        1    0.000    0.000    0.000    0.000 random.py:91(__init__)
       12    0.000    0.000    0.008    0.001 re.py:188(compile)
       12    0.000    0.000    0.008    0.001 re.py:229(_compile)
        1    0.000    0.000    0.000    0.000 records.py:214(record)
        1    0.000    0.000    0.000    0.000 records.py:284(recarray)
        1    0.000    0.000    0.000    0.000 records.py:36(<module>)
        1    0.000    0.000    0.000    0.000 records.py:83(format_parser)
        1    0.001    0.001    0.001    0.001 result.py:1(<module>)
        3    0.000    0.000    0.000    0.000 result.py:14(failfast)
        1    0.000    0.000    0.000    0.000 result.py:26(TestResult)
        1    0.000    0.000    0.000    0.000 runner.py:1(<module>)
        1    0.000    0.000    0.000    0.000 runner.py:119(TextTestRunner)
        1    0.000    0.000    0.000    0.000 runner.py:12(_WritelnDecorator)
        1    0.000    0.000    0.000    0.000 runner.py:28(TextTestResult)
        1    0.000    0.000  104.677  104.677 runserver.py:17(<module>)
        1    0.000    0.000    0.000    0.000 scimath.py:17(<module>)
        2    0.000    0.000    0.000    0.000 server.py:115(registerPlugin)
    28096    0.429    0.000   13.109    0.000 server.py:117(ev_update)
        2    0.000    0.000    0.226    0.113 server.py:120(ev_kill)
        4    0.000    0.000    0.000    0.000 server.py:130(ev_getLevel)
        1    0.000    0.000    0.000    0.000 server.py:136(ev_distSwitchLevel)
        6    0.000    0.000    0.000    0.000 server.py:148(ev_distLevel)
        1    0.000    0.000    0.000    0.000 server.py:151(networkView)
        2    0.000    0.000    0.001    0.001 server.py:152(__init__)
        1    0.005    0.005    3.153    3.153 server.py:16(<module>)
    28096    0.255    0.000   12.279    0.000 server.py:171(ev_update)
      117    0.007    0.000    2.465    0.021 server.py:179(ev_sendBlockState)
        2    0.000    0.000    0.000    0.000 server.py:184(ev_ackBlockState)
        1    0.000    0.000    0.000    0.000 server.py:187(ev_updateBlockState)
        7    0.000    0.000    0.000    0.000 server.py:189(ev_distLevel)
        1    0.000    0.000    0.000    0.000 server.py:192(networkController)
        2    0.000    0.000    0.000    0.000 server.py:193(__init__)
    28096    0.069    0.000    0.401    0.000 server.py:200(ev_update)
        1    0.000    0.000    0.000    0.000 server.py:210(networkSubsystemDelegator)
        1    0.000    0.000    0.000    0.000 server.py:211(__init__)
  3490895   14.269    0.000   40.747    0.000 server.py:226(ev_update)
        2    0.000    0.000    0.000    0.000 server.py:233(ev_removeNetSubsystem)
        1    0.000    0.000    0.000    0.000 server.py:238(spinner)
        1    0.000    0.000    0.030    0.030 server.py:239(__init__)
        1   37.955   37.955  101.524  101.524 server.py:247(main)
        1    0.000    0.000  101.524  101.524 server.py:251(run)
        1    0.000    0.000    0.000    0.000 server.py:45(logManager)
        1    0.000    0.000    0.000    0.000 server.py:46(__init__)
        1    0.000    0.000    0.000    0.000 server.py:54(clientWrapper)
        2    0.000    0.000    0.000    0.000 server.py:55(__init__)
    28213    0.152    0.000    7.973    0.000 server.py:62(postEvent)
    28096    0.060    0.000    0.105    0.000 server.py:64(getData)
        2    0.000    0.000    0.000    0.000 server.py:73(close)
        1    0.000    0.000    0.000    0.000 server.py:75(networkSubsystem)
        2    0.001    0.000    0.005    0.002 server.py:80(__init__)
        2    0.000    0.000    0.000    0.000 shape_base.py:1(<module>)
        1    0.000    0.000    0.000    0.000 shutil.py:30(Error)
        1    0.000    0.000    0.000    0.000 shutil.py:33(SpecialFileError)
        1    0.000    0.000    0.000    0.000 shutil.py:37(ExecError)
        1    0.000    0.000    0.000    0.000 shutil.py:5(<module>)
        1    0.000    0.000    0.000    0.000 signals.py:1(<module>)
        1    0.000    0.000    0.000    0.000 signals.py:9(_InterruptHandler)
        1    0.001    0.001    0.001    0.001 sndarray.py:57(<module>)
        1    0.000    0.000    0.000    0.000 socket.py:167(_closedsocket)
        2    0.000    0.000    0.000    0.000 socket.py:169(_dummy)
        1    0.000    0.000    0.000    0.000 socket.py:179(_socketobject)
        3    0.000    0.000    0.000    0.000 socket.py:185(__init__)
        2    0.000    0.000    0.000    0.000 socket.py:192(close)
        2    0.000    0.000    0.000    0.000 socket.py:201(accept)
  3490900    6.853    0.000   10.512    0.000 socket.py:223(meth)
        1    0.000    0.000    0.000    0.000 socket.py:235(_fileobject)
        1    0.003    0.003    0.003    0.003 socket.py:45(<module>)
        1    0.000    0.000    0.000    0.000 sprite.py:1079(GroupSingle)
      874    0.001    0.000    0.001    0.000 sprite.py:112(__init__)
        1    0.000    0.000    0.000    0.000 sprite.py:1149(collide_rect_ratio)
        1    0.000    0.000    0.000    0.000 sprite.py:1226(collide_circle_ratio)
      875    0.001    0.000    0.001    0.000 sprite.py:146(add_internal)
        3    0.000    0.000    0.000    0.000 sprite.py:165(kill)
        2    0.000    0.000    0.000    0.000 sprite.py:194(__repr__)
        1    0.000    0.000    0.000    0.000 sprite.py:198(DirtySprite)
        1    0.000    0.000    0.000    0.000 sprite.py:255(AbstractGroup)
        9    0.000    0.000    0.000    0.000 sprite.py:267(__init__)
    37269    0.098    0.000    0.159    0.000 sprite.py:271(sprites)
      875    0.001    0.000    0.001    0.000 sprite.py:281(add_internal)
        3    0.000    0.000    0.000    0.000 sprite.py:284(remove_internal)
      878    0.001    0.000    0.001    0.000 sprite.py:290(has_internal)
    28330    0.070    0.000    0.214    0.000 sprite.py:301(__iter__)
        3    0.000    0.000    0.000    0.000 sprite.py:304(__contains__)
      884    0.004    0.000    0.007    0.000 sprite.py:307(add)
        3    0.000    0.000    0.000    0.000 sprite.py:366(has)
     2979    0.041    0.000    0.095    0.000 sprite.py:393(update)
        1    0.000    0.000    0.000    0.000 sprite.py:459(Group)
        9    0.000    0.000    0.000    0.000 sprite.py:477(__init__)
        1    0.000    0.000    0.000    0.000 sprite.py:484(RenderUpdates)
        1    0.000    0.000    0.000    0.000 sprite.py:512(OrderedUpdates)
        1    0.000    0.000    0.000    0.000 sprite.py:538(LayeredUpdates)
        1    0.001    0.001    0.001    0.001 sprite.py:66(<module>)
        1    0.000    0.000    0.000    0.000 sprite.py:837(LayeredDirty)
        1    0.000    0.000    0.000    0.000 sprite.py:99(Sprite)
       21    0.000    0.000    0.001    0.000 sre_compile.py:178(_compile_charset)
       21    0.001    0.000    0.001    0.000 sre_compile.py:207(_optimize_charset)
       53    0.000    0.000    0.000    0.000 sre_compile.py:24(_identityfunction)
        3    0.000    0.000    0.000    0.000 sre_compile.py:258(_mk_bitmap)
    57/12    0.001    0.000    0.003    0.000 sre_compile.py:32(_compile)
       28    0.000    0.000    0.000    0.000 sre_compile.py:354(_simple)
       12    0.000    0.000    0.001    0.000 sre_compile.py:361(_compile_info)
       24    0.000    0.000    0.000    0.000 sre_compile.py:474(isstring)
       12    0.000    0.000    0.003    0.000 sre_compile.py:480(_code)
       12    0.000    0.000    0.008    0.001 sre_compile.py:495(compile)
       15    0.000    0.000    0.000    0.000 sre_compile.py:51(fixup)
      124    0.000    0.000    0.000    0.000 sre_parse.py:126(__len__)
      222    0.000    0.000    0.001    0.000 sre_parse.py:130(__getitem__)
       28    0.000    0.000    0.000    0.000 sre_parse.py:134(__setitem__)
       93    0.000    0.000    0.000    0.000 sre_parse.py:138(append)
    85/40    0.001    0.000    0.001    0.000 sre_parse.py:140(getwidth)
       12    0.000    0.000    0.000    0.000 sre_parse.py:178(__init__)
      362    0.001    0.000    0.001    0.000 sre_parse.py:182(__next)
      190    0.000    0.000    0.000    0.000 sre_parse.py:195(match)
      284    0.000    0.000    0.001    0.000 sre_parse.py:201(get)
       56    0.000    0.000    0.000    0.000 sre_parse.py:210(isident)
        2    0.000    0.000    0.000    0.000 sre_parse.py:213(isdigit)
       11    0.000    0.000    0.000    0.000 sre_parse.py:216(isname)
        2    0.000    0.000    0.000    0.000 sre_parse.py:225(_class_escape)
       16    0.000    0.000    0.000    0.000 sre_parse.py:257(_escape)
    27/12    0.000    0.000    0.004    0.000 sre_parse.py:301(_parse_sub)
    28/13    0.001    0.000    0.004    0.000 sre_parse.py:379(_parse)
       12    0.000    0.000    0.005    0.000 sre_parse.py:663(parse)
       12    0.000    0.000    0.000    0.000 sre_parse.py:67(__init__)
       14    0.000    0.000    0.000    0.000 sre_parse.py:72(opengroup)
       14    0.000    0.000    0.000    0.000 sre_parse.py:83(closegroup)
       57    0.000    0.000    0.000    0.000 sre_parse.py:90(__init__)
        1    0.000    0.000    0.000    0.000 stride_tricks.py:12(DummyArray)
        1    0.000    0.000    0.000    0.000 stride_tricks.py:7(<module>)
        1    0.000    0.000    0.000    0.000 string.py:131(__init__)
        2    0.000    0.000    0.002    0.001 string.py:148(substitute)
      182    0.000    0.000    0.000    0.000 string.py:158(convert)
        1    0.000    0.000    0.000    0.000 suite.py:1(<module>)
        1    0.000    0.000    0.000    0.000 suite.py:11(BaseTestSuite)
        1    0.000    0.000    0.000    0.000 suite.py:236(_ErrorHolder)
        1    0.000    0.000    0.000    0.000 suite.py:283(_DebugResult)
        1    0.000    0.000    0.000    0.000 suite.py:73(TestSuite)
        1    0.001    0.001    0.065    0.065 surfarray.py:60(<module>)
        1    0.000    0.000    0.000    0.000 sysfont.py:21(<module>)
        1    0.001    0.001    0.003    0.003 threading.py:1(<module>)
        2    0.000    0.000    0.000    0.000 threading.py:101(RLock)
        1    0.000    0.000    0.000    0.000 threading.py:104(_RLock)
        2    0.000    0.000    0.000    0.000 threading.py:106(__init__)
        4    0.000    0.000    0.000    0.000 threading.py:121(acquire)
        4    0.000    0.000    0.000    0.000 threading.py:141(release)
        2    0.000    0.000    0.000    0.000 threading.py:181(Condition)
        1    0.000    0.000    0.000    0.000 threading.py:184(_Condition)
        2    0.000    0.000    0.000    0.000 threading.py:186(__init__)
        1    0.000    0.000    0.000    0.000 threading.py:226(_is_owned)
        1    0.000    0.000    0.000    0.000 threading.py:277(notify)
        1    0.000    0.000    0.000    0.000 threading.py:295(notifyAll)
        1    0.000    0.000    0.000    0.000 threading.py:304(_Semaphore)
        1    0.000    0.000    0.000    0.000 threading.py:352(_BoundedSemaphore)
        1    0.000    0.000    0.000    0.000 threading.py:364(Event)
        1    0.000    0.000    0.000    0.000 threading.py:367(_Event)
        1    0.000    0.000    0.000    0.000 threading.py:371(__init__)
        1    0.000    0.000    0.000    0.000 threading.py:385(set)
        1    0.000    0.000    0.000    0.000 threading.py:424(Thread)
        1    0.000    0.000    0.000    0.000 threading.py:436(__init__)
        1    0.000    0.000    0.000    0.000 threading.py:531(_set_ident)
        1    0.000    0.000    0.000    0.000 threading.py:56(_Verbose)
        6    0.000    0.000    0.000    0.000 threading.py:58(__init__)
        9    0.000    0.000    0.000    0.000 threading.py:63(_note)
        1    0.000    0.000    0.000    0.000 threading.py:733(_Timer)
        1    0.000    0.000    0.000    0.000 threading.py:762(_MainThread)
        1    0.000    0.000    0.000    0.000 threading.py:764(__init__)
        1    0.000    0.000    0.000    0.000 threading.py:771(_set_daemon)
        1    0.000    0.000    0.000    0.000 threading.py:802(_DummyThread)
        1    0.000    0.000    0.000    0.000 twodim_base.py:3(<module>)
        1    0.000    0.000    0.020    0.020 type_check.py:3(<module>)
        1    0.000    0.000    0.000    0.000 ufunclike.py:4(<module>)
        1    0.000    0.000    0.000    0.000 util.py:1(<module>)
        1    0.000    0.000    0.001    0.001 utils.py:1(<module>)
       15    0.000    0.000    0.000    0.000 utils.py:108(__init__)
       15    0.000    0.000    0.000    0.000 utils.py:113(__call__)
        1    0.000    0.000    0.000    0.000 utils.py:1315(WarningMessage)
        1    0.000    0.000    0.000    0.000 utils.py:1345(WarningManager)
       15    0.000    0.000    0.000    0.000 utils.py:157(deprecate)
        1    0.004    0.004    3.099    3.099 utils.py:16(<module>)
        3    0.000    0.000    0.000    0.000 utils.py:23(serializable)
        1    0.000    0.000    0.000    0.000 utils.py:3(<module>)
        1    0.000    0.000    0.000    0.000 utils.py:50(netEvent)
    28213    0.026    0.000    0.026    0.000 utils.py:54(__init__)
       24    0.000    0.000    0.000    0.000 utils.py:57(cham)
       15    0.000    0.000    0.000    0.000 utils.py:93(_set_function_name)
        1    0.000    0.000    0.000    0.000 utils.py:97(_Deprecate)
        1    0.000    0.000    0.000    0.000 utils.py:980(SafeEval)
        1    0.000    0.000    0.000    0.000 version.py:28(<module>)
        1    0.000    0.000    0.000    0.000 version.py:3(<module>)
        1    0.000    0.000    0.001    0.001 warnings.py:45(filterwarnings)
        1    0.000    0.000    0.000    0.000 warnings.py:74(simplefilter)
        1    0.000    0.000    0.000    0.000 weakref.py:243(__init__)
        1    0.000    0.000    0.000    0.000 weakref.py:47(__init__)
        1    0.000    0.000    0.000    0.000 {__import__}
        2    0.000    0.000    0.000    0.000 {_ctypes.POINTER}
        1    0.000    0.000    0.000    0.000 {_ctypes.dlopen}
        1    0.000    0.000    0.000    0.000 {_ctypes.set_conversion_mode}
       46    0.000    0.000    0.000    0.000 {_ctypes.sizeof}
        1    0.000    0.000    0.000    0.000 {_hashlib.openssl_md5}
        1    0.000    0.000    0.000    0.000 {_hashlib.openssl_sha1}
        1    0.000    0.000    0.000    0.000 {_hashlib.openssl_sha224}
        1    0.000    0.000    0.000    0.000 {_hashlib.openssl_sha256}
        1    0.000    0.000    0.000    0.000 {_hashlib.openssl_sha384}
        1    0.000    0.000    0.000    0.000 {_hashlib.openssl_sha512}
        2    0.000    0.000    0.000    0.000 {_sqlite3.connect}
        2    0.000    0.000    0.000    0.000 {_sqlite3.register_adapter}
        2    0.000    0.000    0.000    0.000 {_sqlite3.register_converter}
       12    0.000    0.000    0.000    0.000 {_sre.compile}
       32    0.000    0.000    0.000    0.000 {_sre.getlower}
       18    0.000    0.000    0.000    0.000 {_struct.calcsize}
        4    0.000    0.000    0.000    0.000 {all}
        1    0.000    0.000    0.000    0.000 {binascii.hexlify}
        1    0.000    0.000    0.000    0.000 {built-in method __new__ of type object at 0x8245fc0}
      272    0.000    0.000    0.000    0.000 {built-in method group}
       13    0.000    0.000    0.000    0.000 {built-in method match}
    28120    0.044    0.000    0.044    0.000 {built-in method poll}
        2    0.000    0.000    0.000    0.000 {built-in method register}
        2    0.001    0.001    0.002    0.001 {built-in method sub}
    28215    5.345    0.000    5.345    0.000 {cPickle.dumps}
       26    0.001    0.000    0.001    0.000 {cPickle.loads}
        3    0.000    0.000    0.000    0.000 {callable}
      256    0.000    0.000    0.000    0.000 {chr}
        1    0.000    0.000    0.000    0.000 {dir}
        1    0.000    0.000    0.000    0.000 {function seed at 0x8c351ec}
  3491339    1.903    0.000    1.903    0.000 {getattr}
       69    0.000    0.000    0.000    0.000 {globals}
       14    0.000    0.000    0.000    0.000 {hasattr}
     1841    0.001    0.000    0.001    0.000 {isinstance}
1740/1738    0.001    0.000    0.001    0.000 {issubclass}
    28330    0.019    0.000    0.019    0.000 {iter}
6983686/6983652    3.194    0.000    3.194    0.000 {len}
        1    0.000    0.000    0.000    0.000 {locals}
        2    0.000    0.000    0.000    0.000 {map}
        1    0.000    0.000    0.000    0.000 {math.exp}
        2    0.000    0.000    0.000    0.000 {math.log}
        1    0.000    0.000    0.000    0.000 {math.sqrt}
        2    0.000    0.000    0.000    0.000 {max}
        4    0.000    0.000    0.000    0.000 {method '__contains__' of 'frozenset' objects}
        3    0.000    0.000    0.000    0.000 {method '__subclasses__' of 'type' objects}
        2    0.000    0.000    0.000    0.000 {method 'accept' of '_socket.socket' objects}
        4    0.000    0.000    0.000    0.000 {method 'acquire' of 'thread.lock' objects}
       11    0.000    0.000    0.000    0.000 {method 'add' of 'set' objects}
   998882    0.471    0.000    0.471    0.000 {method 'append' of 'list' objects}
        1    0.000    0.000    0.000    0.000 {method 'bind' of '_socket.socket' objects}
        3    0.000    0.000    0.000    0.000 {method 'clear' of 'dict' objects}
        1    0.000    0.000    0.000    0.000 {method 'close' of 'file' objects}
      238    0.011    0.000    0.011    0.000 {method 'collidelist' of 'pygame.Rect' objects}
        1    0.000    0.000    0.000    0.000 {method 'collidelistall' of 'pygame.Rect' objects}
        2    0.225    0.112    0.225    0.112 {method 'commit' of 'sqlite3.Connection' objects}
        4    0.000    0.000    0.000    0.000 {method 'cursor' of 'sqlite3.Connection' objects}
        1    0.000    0.000    0.000    0.000 {method 'disable' of '_lsprof.Profiler' objects}
        2    0.000    0.000    0.000    0.000 {method 'encode' of 'unicode' objects}
        5    0.000    0.000    0.000    0.000 {method 'endswith' of 'str' objects}
        4    0.002    0.000    0.002    0.000 {method 'execute' of 'sqlite3.Cursor' objects}
     3005    0.002    0.000    0.002    0.000 {method 'extend' of 'list' objects}
  3490896    1.756    0.000    1.756    0.000 {method 'fileno' of '_socket.socket' objects}
      100    0.000    0.000    0.000    0.000 {method 'get' of 'dict' objects}
        4    0.000    0.000    0.000    0.000 {method 'insert' of 'list' objects}
       11    0.000    0.000    0.000    0.000 {method 'isalnum' of 'str' objects}
        4    0.000    0.000    0.000    0.000 {method 'isdigit' of 'str' objects}
        8    0.000    0.000    0.000    0.000 {method 'isspace' of 'str' objects}
       20    0.000    0.000    0.000    0.000 {method 'items' of 'dict' objects}
        1    0.000    0.000    0.000    0.000 {method 'iteritems' of 'dict' objects}
      106    0.000    0.000    0.000    0.000 {method 'join' of 'str' objects}
    37289    0.061    0.000    0.061    0.000 {method 'keys' of 'dict' objects}
        1    0.000    0.000    0.000    0.000 {method 'listen' of '_socket.socket' objects}
       19    0.000    0.000    0.000    0.000 {method 'lower' of 'str' objects}
      238    0.000    0.000    0.000    0.000 {method 'move' of 'pygame.Rect' objects}
      119    0.000    0.000    0.000    0.000 {method 'move_ip' of 'pygame.Rect' objects}
        6    0.000    0.000    0.000    0.000 {method 'pop' of 'dict' objects}
      674    0.000    0.000    0.000    0.000 {method 'random' of '_random.Random' objects}
        9    0.000    0.000    0.000    0.000 {method 'readline' of 'file' objects}
       27    0.000    0.000    0.000    0.000 {method 'recv' of '_socket.socket' objects}
        3    0.000    0.000    0.000    0.000 {method 'release' of 'thread.lock' objects}
       17    0.000    0.000    0.000    0.000 {method 'remove' of 'list' objects}
        4    0.000    0.000    0.000    0.000 {method 'remove' of 'set' objects}
        4    0.000    0.000    0.000    0.000 {method 'replace' of 'str' objects}
       21    0.000    0.000    0.000    0.000 {method 'rfind' of 'str' objects}
       24    0.000    0.000    0.000    0.000 {method 'rstrip' of 'str' objects}
    28213    2.450    0.000    2.450    0.000 {method 'send' of '_socket.socket' objects}
        1    0.000    0.000    0.000    0.000 {method 'setblocking' of '_socket.socket' objects}
        1    0.000    0.000    0.000    0.000 {method 'setsockopt' of '_socket.socket' objects}
        2    0.000    0.000    0.000    0.000 {method 'setter' of 'property' objects}
       14    0.000    0.000    0.000    0.000 {method 'split' of 'str' objects}
      132    0.000    0.000    0.000    0.000 {method 'startswith' of 'str' objects}
      253    0.000    0.000    0.000    0.000 {method 'strip' of 'str' objects}
      101    0.000    0.000    0.000    0.000 {method 'translate' of 'str' objects}
       20    0.000    0.000    0.000    0.000 {method 'update' of 'dict' objects}
        1    0.000    0.000    0.000    0.000 {method 'view' of 'numpy.ndarray' objects}
      116    0.000    0.000    0.000    0.000 {min}
       12    0.000    0.000    0.000    0.000 {numpy.core.multiarray.array}
       18    0.000    0.000    0.000    0.000 {numpy.core.multiarray.empty}
        2    0.000    0.000    0.000    0.000 {numpy.core.multiarray.set_string_function}
        1    0.000    0.000    0.000    0.000 {numpy.core.multiarray.set_typeDict}
        1    0.000    0.000    0.000    0.000 {numpy.core.umath.seterrobj}
      240    0.000    0.000    0.000    0.000 {numpy.lib._compiled_base.add_docstring}
        2    0.000    0.000    0.000    0.000 {open}
       89    0.000    0.000    0.000    0.000 {ord}
        1    0.000    0.000    0.000    0.000 {posix.close}
        2    0.000    0.000    0.000    0.000 {posix.getcwd}
        2    0.000    0.000    0.000    0.000 {posix.getpid}
        1    0.000    0.000    0.000    0.000 {posix.open}
        1    0.000    0.000    0.000    0.000 {posix.read}
        4    3.011    0.753    3.011    0.753 {pygame.base.init}
      114    0.000    0.000    0.000    0.000 {range}
       44    0.000    0.000    0.000    0.000 {repr}
        2    0.000    0.000    0.000    0.000 {select.poll}
  3490894   12.768    0.000   23.280    0.000 {select.select}
       53    0.000    0.000    0.000    0.000 {setattr}
       20    0.000    0.000    0.000    0.000 {sys._getframe}
        5    0.000    0.000    0.000    0.000 {thread.allocate_lock}
       10    0.000    0.000    0.000    0.000 {thread.get_ident}
  3490897    2.899    0.000    2.899    0.000 {time.time}
        1    0.000    0.000    0.000    0.000 {zip}


